
counter_la_fir.elf:     file format elf32-littleriscv


Disassembly of section .text:

10000000 <_ftext>:
10000000:	0b00006f          	j	100000b0 <crt_init>
10000004:	00000013          	nop
10000008:	00000013          	nop
1000000c:	00000013          	nop
10000010:	00000013          	nop
10000014:	00000013          	nop
10000018:	00000013          	nop
1000001c:	00000013          	nop

10000020 <trap_entry>:
10000020:	fe112e23          	sw	ra,-4(sp)
10000024:	fe512c23          	sw	t0,-8(sp)
10000028:	fe612a23          	sw	t1,-12(sp)
1000002c:	fe712823          	sw	t2,-16(sp)
10000030:	fea12623          	sw	a0,-20(sp)
10000034:	feb12423          	sw	a1,-24(sp)
10000038:	fec12223          	sw	a2,-28(sp)
1000003c:	fed12023          	sw	a3,-32(sp)
10000040:	fce12e23          	sw	a4,-36(sp)
10000044:	fcf12c23          	sw	a5,-40(sp)
10000048:	fd012a23          	sw	a6,-44(sp)
1000004c:	fd112823          	sw	a7,-48(sp)
10000050:	fdc12623          	sw	t3,-52(sp)
10000054:	fdd12423          	sw	t4,-56(sp)
10000058:	fde12223          	sw	t5,-60(sp)
1000005c:	fdf12023          	sw	t6,-64(sp)
10000060:	fc010113          	addi	sp,sp,-64
10000064:	0e4000ef          	jal	ra,10000148 <isr>
10000068:	03c12083          	lw	ra,60(sp)
1000006c:	03812283          	lw	t0,56(sp)
10000070:	03412303          	lw	t1,52(sp)
10000074:	03012383          	lw	t2,48(sp)
10000078:	02c12503          	lw	a0,44(sp)
1000007c:	02812583          	lw	a1,40(sp)
10000080:	02412603          	lw	a2,36(sp)
10000084:	02012683          	lw	a3,32(sp)
10000088:	01c12703          	lw	a4,28(sp)
1000008c:	01812783          	lw	a5,24(sp)
10000090:	01412803          	lw	a6,20(sp)
10000094:	01012883          	lw	a7,16(sp)
10000098:	00c12e03          	lw	t3,12(sp)
1000009c:	00812e83          	lw	t4,8(sp)
100000a0:	00412f03          	lw	t5,4(sp)
100000a4:	00012f83          	lw	t6,0(sp)
100000a8:	04010113          	addi	sp,sp,64
100000ac:	30200073          	mret

100000b0 <crt_init>:
100000b0:	60000113          	li	sp,1536
100000b4:	00000517          	auipc	a0,0x0
100000b8:	f6c50513          	addi	a0,a0,-148 # 10000020 <trap_entry>
100000bc:	30551073          	csrw	mtvec,a0

100000c0 <sram_init>:
100000c0:	28000517          	auipc	a0,0x28000
100000c4:	f4050513          	addi	a0,a0,-192 # 38000000 <initfir>
100000c8:	28000597          	auipc	a1,0x28000
100000cc:	05858593          	addi	a1,a1,88 # 38000120 <_esram>
100000d0:	00000617          	auipc	a2,0x0
100000d4:	15860613          	addi	a2,a2,344 # 10000228 <_esram_rom>

100000d8 <sram_loop>:
100000d8:	00b50c63          	beq	a0,a1,100000f0 <data_init>
100000dc:	00062683          	lw	a3,0(a2)
100000e0:	00d52023          	sw	a3,0(a0)
100000e4:	00450513          	addi	a0,a0,4
100000e8:	00460613          	addi	a2,a2,4
100000ec:	fedff06f          	j	100000d8 <sram_loop>

100000f0 <data_init>:
100000f0:	00000513          	li	a0,0
100000f4:	03000593          	li	a1,48
100000f8:	00000617          	auipc	a2,0x0
100000fc:	10060613          	addi	a2,a2,256 # 100001f8 <_erodata>

10000100 <data_loop>:
10000100:	00b50c63          	beq	a0,a1,10000118 <bss_init>
10000104:	00062683          	lw	a3,0(a2)
10000108:	00d52023          	sw	a3,0(a0)
1000010c:	00450513          	addi	a0,a0,4
10000110:	00460613          	addi	a2,a2,4
10000114:	fedff06f          	j	10000100 <data_loop>

10000118 <bss_init>:
10000118:	03000513          	li	a0,48
1000011c:	13800593          	li	a1,312

10000120 <bss_loop>:
10000120:	00b50863          	beq	a0,a1,10000130 <bss_done>
10000124:	00052023          	sw	zero,0(a0)
10000128:	00450513          	addi	a0,a0,4
1000012c:	ff5ff06f          	j	10000120 <bss_loop>

10000130 <bss_done>:
10000130:	00001537          	lui	a0,0x1
10000134:	88050513          	addi	a0,a0,-1920 # 880 <_fstack+0x280>
10000138:	30451073          	csrw	mie,a0
1000013c:	28000097          	auipc	ra,0x28000
10000140:	f60080e7          	jalr	-160(ra) # 3800009c <main>

10000144 <infinit_loop>:
10000144:	0000006f          	j	10000144 <infinit_loop>

10000148 <isr>:
10000148:	00000793          	li	a5,0
1000014c:	bc079073          	csrw	0xbc0,a5
10000150:	f00037b7          	lui	a5,0xf0003
10000154:	00a00713          	li	a4,10
10000158:	02e7ac23          	sw	a4,56(a5) # f0003038 <_esram+0xb8002f18>
1000015c:	00020737          	lui	a4,0x20
10000160:	02e7ae23          	sw	a4,60(a5)
10000164:	00100713          	li	a4,1
10000168:	02e01823          	sh	a4,48(zero) # 30 <flag>
1000016c:	00008067          	ret

10000170 <putchar>:
10000170:	00a00793          	li	a5,10
10000174:	00f50e63          	beq	a0,a5,10000190 <putchar+0x20>
10000178:	f0006737          	lui	a4,0xf0006
1000017c:	00100693          	li	a3,1
10000180:	80472783          	lw	a5,-2044(a4) # f0005804 <_esram+0xb80056e4>
10000184:	fed78ee3          	beq	a5,a3,10000180 <putchar+0x10>
10000188:	80a72023          	sw	a0,-2048(a4)
1000018c:	00008067          	ret
10000190:	f0006737          	lui	a4,0xf0006
10000194:	00100693          	li	a3,1
10000198:	80472783          	lw	a5,-2044(a4) # f0005804 <_esram+0xb80056e4>
1000019c:	fed78ee3          	beq	a5,a3,10000198 <putchar+0x28>
100001a0:	00d00793          	li	a5,13
100001a4:	80f72023          	sw	a5,-2048(a4)
100001a8:	fd1ff06f          	j	10000178 <putchar+0x8>

100001ac <print>:
100001ac:	00054603          	lbu	a2,0(a0)
100001b0:	02060863          	beqz	a2,100001e0 <print+0x34>
100001b4:	00a00593          	li	a1,10
100001b8:	f0006737          	lui	a4,0xf0006
100001bc:	00100693          	li	a3,1
100001c0:	00d00813          	li	a6,13
100001c4:	00150513          	addi	a0,a0,1
100001c8:	00b60e63          	beq	a2,a1,100001e4 <print+0x38>
100001cc:	80472783          	lw	a5,-2044(a4) # f0005804 <_esram+0xb80056e4>
100001d0:	fed78ee3          	beq	a5,a3,100001cc <print+0x20>
100001d4:	80c72023          	sw	a2,-2048(a4)
100001d8:	00054603          	lbu	a2,0(a0)
100001dc:	fe0614e3          	bnez	a2,100001c4 <print+0x18>
100001e0:	00008067          	ret
100001e4:	80472783          	lw	a5,-2044(a4)
100001e8:	fed78ee3          	beq	a5,a3,100001e4 <print+0x38>
100001ec:	81072023          	sw	a6,-2048(a4)
100001f0:	fddff06f          	j	100001cc <print+0x20>

Disassembly of section .rodata:

100001f4 <_erodata-0x4>:
100001f4:	0000                	.2byte	0x0
	...

Disassembly of section .data:

00000000 <taps>:
   0:	0000                	.2byte	0x0
   2:	0000                	.2byte	0x0
   4:	fff6                	.2byte	0xfff6
   6:	ffff                	.2byte	0xffff
   8:	fffffff7          	.4byte	0xfffffff7
   c:	00000017          	auipc	zero,0x0
  10:	0038                	.2byte	0x38
  12:	0000                	.2byte	0x0
  14:	0000003f 00000038 	.8byte	0x380000003f
  1c:	00000017          	auipc	zero,0x0
  20:	fffffff7          	.4byte	0xfffffff7
  24:	fff6                	.2byte	0xfff6
  26:	ffff                	.2byte	0xffff
	...

Disassembly of section .bss:

00000030 <flag>:
  30:	0000                	.2byte	0x0
	...

00000034 <outputsignal>:
	...

Disassembly of section .mprjram:

38000000 <initfir>:
38000000:	30000737          	lui	a4,0x30000
38000004:	00000593          	li	a1,0
38000008:	04070613          	addi	a2,a4,64 # 30000040 <_esram_rom+0x1ffffe18>
3800000c:	00000793          	li	a5,0
38000010:	04000693          	li	a3,64
38000014:	00d72823          	sw	a3,16(a4)
38000018:	02c58593          	addi	a1,a1,44
3800001c:	40f60633          	sub	a2,a2,a5
38000020:	0007a683          	lw	a3,0(a5)
38000024:	00f60733          	add	a4,a2,a5
38000028:	00478793          	addi	a5,a5,4
3800002c:	00d72023          	sw	a3,0(a4)
38000030:	feb798e3          	bne	a5,a1,38000020 <initfir+0x20>
38000034:	00008067          	ret

38000038 <fir_excute>:
38000038:	260007b7          	lui	a5,0x26000
3800003c:	00a506b7          	lui	a3,0xa50
38000040:	00d7a623          	sw	a3,12(a5) # 2600000c <_esram_rom+0x15fffde4>
38000044:	300007b7          	lui	a5,0x30000
38000048:	00100693          	li	a3,1
3800004c:	00d7a023          	sw	a3,0(a5) # 30000000 <_esram_rom+0x1ffffdd8>
38000050:	03400513          	li	a0,52
38000054:	00000793          	li	a5,0
38000058:	03400713          	li	a4,52
3800005c:	300006b7          	lui	a3,0x30000
38000060:	04000593          	li	a1,64
38000064:	08f6a023          	sw	a5,128(a3) # 30000080 <_esram_rom+0x1ffffe58>
38000068:	0846a603          	lw	a2,132(a3)
3800006c:	00178793          	addi	a5,a5,1
38000070:	00470713          	addi	a4,a4,4
38000074:	fec72e23          	sw	a2,-4(a4)
38000078:	feb796e3          	bne	a5,a1,38000064 <fir_excute+0x2c>
3800007c:	0fc52783          	lw	a5,252(a0)
38000080:	005a0737          	lui	a4,0x5a0
38000084:	01879793          	slli	a5,a5,0x18
38000088:	00e7e7b3          	or	a5,a5,a4
3800008c:	0006a703          	lw	a4,0(a3)
38000090:	26000737          	lui	a4,0x26000
38000094:	00f72623          	sw	a5,12(a4) # 2600000c <_esram_rom+0x15fffde4>
38000098:	00008067          	ret

3800009c <main>:
3800009c:	ff010113          	addi	sp,sp,-16
380000a0:	000027b7          	lui	a5,0x2
380000a4:	26000737          	lui	a4,0x26000
380000a8:	00112623          	sw	ra,12(sp)
380000ac:	80978793          	addi	a5,a5,-2039 # 1809 <_fstack+0x1209>
380000b0:	0af72023          	sw	a5,160(a4) # 260000a0 <_esram_rom+0x15fffe78>
380000b4:	08f72e23          	sw	a5,156(a4)
380000b8:	08f72c23          	sw	a5,152(a4)
380000bc:	08f72a23          	sw	a5,148(a4)
380000c0:	08f72823          	sw	a5,144(a4)
380000c4:	08f72623          	sw	a5,140(a4)
380000c8:	08f72423          	sw	a5,136(a4)
380000cc:	08f72223          	sw	a5,132(a4)
380000d0:	08f72023          	sw	a5,128(a4)
380000d4:	06f72e23          	sw	a5,124(a4)
380000d8:	06f72c23          	sw	a5,120(a4)
380000dc:	06f72a23          	sw	a5,116(a4)
380000e0:	06f72823          	sw	a5,112(a4)
380000e4:	06f72623          	sw	a5,108(a4)
380000e8:	06f72423          	sw	a5,104(a4)
380000ec:	06f72223          	sw	a5,100(a4)
380000f0:	00100793          	li	a5,1
380000f4:	00f72023          	sw	a5,0(a4)
380000f8:	260006b7          	lui	a3,0x26000
380000fc:	00100713          	li	a4,1
38000100:	0006a783          	lw	a5,0(a3) # 26000000 <_esram_rom+0x15fffdd8>
38000104:	fee78ee3          	beq	a5,a4,38000100 <main+0x64>
38000108:	ef9ff0ef          	jal	ra,38000000 <initfir>
3800010c:	f2dff0ef          	jal	ra,38000038 <fir_excute>
38000110:	f29ff0ef          	jal	ra,38000038 <fir_excute>
38000114:	00c12083          	lw	ra,12(sp)
38000118:	01010113          	addi	sp,sp,16
3800011c:	f1dff06f          	j	38000038 <fir_excute>

Disassembly of section .riscv.attributes:

00000000 <.riscv.attributes>:
   0:	1f41                	.2byte	0x1f41
   2:	0000                	.2byte	0x0
   4:	7200                	.2byte	0x7200
   6:	7369                	.2byte	0x7369
   8:	01007663          	bgeu	zero,a6,14 <taps+0x14>
   c:	0015                	.2byte	0x15
   e:	0000                	.2byte	0x0
  10:	1004                	.2byte	0x1004
  12:	7205                	.2byte	0x7205
  14:	3376                	.2byte	0x3376
  16:	6932                	.2byte	0x6932
  18:	7032                	.2byte	0x7032
  1a:	0030                	.2byte	0x30
  1c:	0108                	.2byte	0x108
  1e:	0b0a                	.2byte	0xb0a

Disassembly of section .comment:

00000000 <.comment>:
   0:	3a434347          	.4byte	0x3a434347
   4:	2820                	.2byte	0x2820
   6:	61653167          	.4byte	0x61653167
   a:	3739                	.2byte	0x3739
   c:	6538                	.2byte	0x6538
   e:	36363033          	.4byte	0x36363033
  12:	2029                	.2byte	0x2029
  14:	3231                	.2byte	0x3231
  16:	312e                	.2byte	0x312e
  18:	302e                	.2byte	0x302e
	...

Disassembly of section .debug_line:

00000000 <.debug_line>:
   0:	0200                	.2byte	0x200
   2:	0000                	.2byte	0x0
   4:	0005                	.2byte	0x5
   6:	0004                	.2byte	0x4
   8:	002e                	.2byte	0x2e
   a:	0000                	.2byte	0x0
   c:	0101                	.2byte	0x101
   e:	fb01                	.2byte	0xfb01
  10:	0d0e                	.2byte	0xd0e
  12:	0100                	.2byte	0x100
  14:	0101                	.2byte	0x101
  16:	0001                	.2byte	0x1
  18:	0000                	.2byte	0x0
  1a:	0001                	.2byte	0x1
  1c:	0100                	.2byte	0x100
  1e:	0101                	.2byte	0x101
  20:	021f 0000 0000      	.byte	0x1f, 0x02, 0x00, 0x00, 0x00, 0x00
  26:	0000004b          	.4byte	0x4b
  2a:	0102                	.2byte	0x102
  2c:	021f 020f 005a      	.byte	0x1f, 0x02, 0x0f, 0x02, 0x5a, 0x00
  32:	0000                	.2byte	0x0
  34:	5a01                	.2byte	0x5a01
  36:	0000                	.2byte	0x0
  38:	0100                	.2byte	0x100
  3a:	0500                	.2byte	0x500
  3c:	0002                	.2byte	0x2
  3e:	0000                	.2byte	0x0
  40:	1710                	.2byte	0x1710
  42:	04090103          	lb	sp,64(s2)
  46:	0100                	.2byte	0x100
  48:	04090103          	lb	sp,64(s2)
  4c:	0100                	.2byte	0x100
  4e:	04090103          	lb	sp,64(s2)
  52:	0100                	.2byte	0x100
  54:	04090103          	lb	sp,64(s2)
  58:	0100                	.2byte	0x100
  5a:	04090103          	lb	sp,64(s2)
  5e:	0100                	.2byte	0x100
  60:	04090103          	lb	sp,64(s2)
  64:	0100                	.2byte	0x100
  66:	04090103          	lb	sp,64(s2)
  6a:	0100                	.2byte	0x100
  6c:	04090403          	lb	s0,64(s2)
  70:	0100                	.2byte	0x100
  72:	04090103          	lb	sp,64(s2)
  76:	0100                	.2byte	0x100
  78:	04090103          	lb	sp,64(s2)
  7c:	0100                	.2byte	0x100
  7e:	04090103          	lb	sp,64(s2)
  82:	0100                	.2byte	0x100
  84:	04090103          	lb	sp,64(s2)
  88:	0100                	.2byte	0x100
  8a:	04090103          	lb	sp,64(s2)
  8e:	0100                	.2byte	0x100
  90:	04090103          	lb	sp,64(s2)
  94:	0100                	.2byte	0x100
  96:	04090103          	lb	sp,64(s2)
  9a:	0100                	.2byte	0x100
  9c:	04090103          	lb	sp,64(s2)
  a0:	0100                	.2byte	0x100
  a2:	04090103          	lb	sp,64(s2)
  a6:	0100                	.2byte	0x100
  a8:	04090103          	lb	sp,64(s2)
  ac:	0100                	.2byte	0x100
  ae:	04090103          	lb	sp,64(s2)
  b2:	0100                	.2byte	0x100
  b4:	04090103          	lb	sp,64(s2)
  b8:	0100                	.2byte	0x100
  ba:	04090103          	lb	sp,64(s2)
  be:	0100                	.2byte	0x100
  c0:	04090103          	lb	sp,64(s2)
  c4:	0100                	.2byte	0x100
  c6:	04090103          	lb	sp,64(s2)
  ca:	0100                	.2byte	0x100
  cc:	04090103          	lb	sp,64(s2)
  d0:	0100                	.2byte	0x100
  d2:	04090103          	lb	sp,64(s2)
  d6:	0100                	.2byte	0x100
  d8:	04090103          	lb	sp,64(s2)
  dc:	0100                	.2byte	0x100
  de:	04090103          	lb	sp,64(s2)
  e2:	0100                	.2byte	0x100
  e4:	04090103          	lb	sp,64(s2)
  e8:	0100                	.2byte	0x100
  ea:	04090103          	lb	sp,64(s2)
  ee:	0100                	.2byte	0x100
  f0:	04090103          	lb	sp,64(s2)
  f4:	0100                	.2byte	0x100
  f6:	04090103          	lb	sp,64(s2)
  fa:	0100                	.2byte	0x100
  fc:	04090103          	lb	sp,64(s2)
 100:	0100                	.2byte	0x100
 102:	04090103          	lb	sp,64(s2)
 106:	0100                	.2byte	0x100
 108:	04090103          	lb	sp,64(s2)
 10c:	0100                	.2byte	0x100
 10e:	04090103          	lb	sp,64(s2)
 112:	0100                	.2byte	0x100
 114:	04090103          	lb	sp,64(s2)
 118:	0100                	.2byte	0x100
 11a:	04090103          	lb	sp,64(s2)
 11e:	0100                	.2byte	0x100
 120:	04090103          	lb	sp,64(s2)
 124:	0100                	.2byte	0x100
 126:	04090103          	lb	sp,64(s2)
 12a:	0100                	.2byte	0x100
 12c:	04090103          	lb	sp,64(s2)
 130:	0100                	.2byte	0x100
 132:	04090103          	lb	sp,64(s2)
 136:	0100                	.2byte	0x100
 138:	04090103          	lb	sp,64(s2)
 13c:	0100                	.2byte	0x100
 13e:	04090103          	lb	sp,64(s2)
 142:	0100                	.2byte	0x100
 144:	04090503          	lb	a0,64(s2)
 148:	0100                	.2byte	0x100
 14a:	04090103          	lb	sp,64(s2)
 14e:	0100                	.2byte	0x100
 150:	08090103          	lb	sp,128(s2)
 154:	0100                	.2byte	0x100
 156:	04090303          	lb	t1,64(s2)
 15a:	0100                	.2byte	0x100
 15c:	08090103          	lb	sp,128(s2)
 160:	0100                	.2byte	0x100
 162:	08090103          	lb	sp,128(s2)
 166:	0100                	.2byte	0x100
 168:	08090203          	lb	tp,128(s2)
 16c:	0100                	.2byte	0x100
 16e:	04090103          	lb	sp,64(s2)
 172:	0100                	.2byte	0x100
 174:	04090103          	lb	sp,64(s2)
 178:	0100                	.2byte	0x100
 17a:	04090103          	lb	sp,64(s2)
 17e:	0100                	.2byte	0x100
 180:	04090103          	lb	sp,64(s2)
 184:	0100                	.2byte	0x100
 186:	04090103          	lb	sp,64(s2)
 18a:	0100                	.2byte	0x100
 18c:	04090403          	lb	s0,64(s2)
 190:	0100                	.2byte	0x100
 192:	04090103          	lb	sp,64(s2)
 196:	0100                	.2byte	0x100
 198:	04090103          	lb	sp,64(s2)
 19c:	0100                	.2byte	0x100
 19e:	08090203          	lb	tp,128(s2)
 1a2:	0100                	.2byte	0x100
 1a4:	04090103          	lb	sp,64(s2)
 1a8:	0100                	.2byte	0x100
 1aa:	04090103          	lb	sp,64(s2)
 1ae:	0100                	.2byte	0x100
 1b0:	04090103          	lb	sp,64(s2)
 1b4:	0100                	.2byte	0x100
 1b6:	04090103          	lb	sp,64(s2)
 1ba:	0100                	.2byte	0x100
 1bc:	04090103          	lb	sp,64(s2)
 1c0:	0100                	.2byte	0x100
 1c2:	04090403          	lb	s0,64(s2)
 1c6:	0100                	.2byte	0x100
 1c8:	04090103          	lb	sp,64(s2)
 1cc:	0100                	.2byte	0x100
 1ce:	04090203          	lb	tp,64(s2)
 1d2:	0100                	.2byte	0x100
 1d4:	04090103          	lb	sp,64(s2)
 1d8:	0100                	.2byte	0x100
 1da:	04090103          	lb	sp,64(s2)
 1de:	0100                	.2byte	0x100
 1e0:	04090203          	lb	tp,64(s2)
 1e4:	0100                	.2byte	0x100
 1e6:	04090403          	lb	s0,64(s2)
 1ea:	0100                	.2byte	0x100
 1ec:	08090103          	lb	sp,128(s2)
 1f0:	0100                	.2byte	0x100
 1f2:	04090203          	lb	tp,64(s2)
 1f6:	0100                	.2byte	0x100
 1f8:	08090203          	lb	tp,128(s2)
 1fc:	0100                	.2byte	0x100
 1fe:	0409                	.2byte	0x409
 200:	0000                	.2byte	0x0
 202:	0101                	.2byte	0x101
 204:	000000af          	.4byte	0xaf
 208:	0005                	.2byte	0x5
 20a:	0004                	.2byte	0x4
 20c:	003c                	.2byte	0x3c
 20e:	0000                	.2byte	0x0
 210:	0101                	.2byte	0x101
 212:	fb01                	.2byte	0xfb01
 214:	0d0e                	.2byte	0xd0e
 216:	0100                	.2byte	0x100
 218:	0101                	.2byte	0x101
 21a:	0001                	.2byte	0x1
 21c:	0000                	.2byte	0x0
 21e:	0001                	.2byte	0x1
 220:	0100                	.2byte	0x100
 222:	0101                	.2byte	0x101
 224:	031f 0000 0000      	.byte	0x1f, 0x03, 0x00, 0x00, 0x00, 0x00
 22a:	0000004b          	.4byte	0x4b
 22e:	007a                	.2byte	0x7a
 230:	0000                	.2byte	0x0
 232:	0102                	.2byte	0x102
 234:	021f 040f 0074      	.byte	0x1f, 0x02, 0x0f, 0x04, 0x74, 0x00
 23a:	0000                	.2byte	0x0
 23c:	7401                	.2byte	0x7401
 23e:	0000                	.2byte	0x0
 240:	0100                	.2byte	0x100
 242:	00b0                	.2byte	0xb0
 244:	0000                	.2byte	0x0
 246:	ba01                	.2byte	0xba01
 248:	0000                	.2byte	0x0
 24a:	0200                	.2byte	0x200
 24c:	0105                	.2byte	0x105
 24e:	0500                	.2byte	0x500
 250:	4802                	.2byte	0x4802
 252:	0001                	.2byte	0x1
 254:	0310                	.2byte	0x310
 256:	0110                	.2byte	0x110
 258:	0205                	.2byte	0x205
 25a:	00090503          	lb	a0,0(s2)
 25e:	0100                	.2byte	0x100
 260:	0204                	.2byte	0x204
 262:	00090903          	lb	s2,0(s2)
 266:	0100                	.2byte	0x100
 268:	0104                	.2byte	0x104
 26a:	0405                	.2byte	0x405
 26c:	08090103          	lb	sp,128(s2)
 270:	0100                	.2byte	0x100
 272:	3a05                	.2byte	0x3a05
 274:	0306                	.2byte	0x306
 276:	0900                	.2byte	0x900
 278:	0000                	.2byte	0x0
 27a:	0501                	.2byte	0x501
 27c:	0604                	.2byte	0x604
 27e:	0c090103          	lb	sp,192(s2)
 282:	0100                	.2byte	0x100
 284:	3b05                	.2byte	0x3b05
 286:	0306                	.2byte	0x306
 288:	0900                	.2byte	0x900
 28a:	0000                	.2byte	0x0
 28c:	0501                	.2byte	0x501
 28e:	0604                	.2byte	0x604
 290:	08090103          	lb	sp,128(s2)
 294:	0100                	.2byte	0x100
 296:	0905                	.2byte	0x905
 298:	0306                	.2byte	0x306
 29a:	0900                	.2byte	0x900
 29c:	0000                	.2byte	0x0
 29e:	0501                	.2byte	0x501
 2a0:	0605                	.2byte	0x605
 2a2:	08090803          	lb	a6,128(s2)
 2a6:	0100                	.2byte	0x100
 2a8:	0105                	.2byte	0x105
 2aa:	0306                	.2byte	0x306
 2ac:	0906                	.2byte	0x906
 2ae:	0000                	.2byte	0x0
 2b0:	0901                	.2byte	0x901
 2b2:	0004                	.2byte	0x4
 2b4:	0100                	.2byte	0x100
 2b6:	df01                	.2byte	0xdf01
 2b8:	0001                	.2byte	0x1
 2ba:	0500                	.2byte	0x500
 2bc:	0400                	.2byte	0x400
 2be:	3800                	.2byte	0x3800
 2c0:	0000                	.2byte	0x0
 2c2:	0100                	.2byte	0x100
 2c4:	0101                	.2byte	0x101
 2c6:	000d0efb          	.4byte	0xd0efb
 2ca:	0101                	.2byte	0x101
 2cc:	0101                	.2byte	0x101
 2ce:	0000                	.2byte	0x0
 2d0:	0100                	.2byte	0x100
 2d2:	0000                	.2byte	0x0
 2d4:	0101                	.2byte	0x101
 2d6:	1f01                	.2byte	0x1f01
 2d8:	0002                	.2byte	0x2
 2da:	0000                	.2byte	0x0
 2dc:	7a00                	.2byte	0x7a00
 2de:	0000                	.2byte	0x0
 2e0:	0200                	.2byte	0x200
 2e2:	1f01                	.2byte	0x1f01
 2e4:	0f02                	.2byte	0xf02
 2e6:	c704                	.2byte	0xc704
 2e8:	0000                	.2byte	0x0
 2ea:	0000                	.2byte	0x0
 2ec:	000000c7          	.4byte	0xc7
 2f0:	cd00                	.2byte	0xcd00
 2f2:	0000                	.2byte	0x0
 2f4:	0000                	.2byte	0x0
 2f6:	00ba                	.2byte	0xba
 2f8:	0000                	.2byte	0x0
 2fa:	0501                	.2byte	0x501
 2fc:	003d                	.2byte	0x3d
 2fe:	0205                	.2byte	0x205
 300:	0000                	.2byte	0x0
 302:	3800                	.2byte	0x3800
 304:	0515                	.2byte	0x515
 306:	0302                	.2byte	0x302
 308:	00000903          	lb	s2,0(zero) # 0 <taps>
 30c:	0501                	.2byte	0x501
 30e:	0626                	.2byte	0x626
 310:	00090003          	lb	zero,0(s2)
 314:	0100                	.2byte	0x100
 316:	0505                	.2byte	0x505
 318:	08090403          	lb	s0,128(s2)
 31c:	0100                	.2byte	0x100
 31e:	2605                	.2byte	0x2605
 320:	04097c03          	.4byte	0x4097c03
 324:	0100                	.2byte	0x100
 326:	0205                	.2byte	0x205
 328:	0306                	.2byte	0x306
 32a:	000c0903          	lb	s2,0(s8)
 32e:	0501                	.2byte	0x501
 330:	09000307          	.4byte	0x9000307
 334:	0000                	.2byte	0x0
 336:	0501                	.2byte	0x501
 338:	0319                	.2byte	0x319
 33a:	0900                	.2byte	0x900
 33c:	0000                	.2byte	0x0
 33e:	0501                	.2byte	0x501
 340:	0605                	.2byte	0x605
 342:	04090103          	lb	sp,64(s2)
 346:	0100                	.2byte	0x100
 348:	0305                	.2byte	0x305
 34a:	0200                	.2byte	0x200
 34c:	0304                	.2byte	0x304
 34e:	0306                	.2byte	0x306
 350:	0900                	.2byte	0x900
 352:	0004                	.2byte	0x4
 354:	0501                	.2byte	0x501
 356:	0035                	.2byte	0x35
 358:	0402                	.2byte	0x402
 35a:	00030603          	lb	a2,0(t1)
 35e:	0009                	.2byte	0x9
 360:	0100                	.2byte	0x100
 362:	0505                	.2byte	0x505
 364:	0200                	.2byte	0x200
 366:	0304                	.2byte	0x304
 368:	04090003          	lb	zero,64(s2)
 36c:	0100                	.2byte	0x100
 36e:	1905                	.2byte	0x1905
 370:	0200                	.2byte	0x200
 372:	0304                	.2byte	0x304
 374:	04097f03          	.4byte	0x4097f03
 378:	0100                	.2byte	0x100
 37a:	2f05                	.2byte	0x2f05
 37c:	0200                	.2byte	0x200
 37e:	0304                	.2byte	0x304
 380:	04090103          	lb	sp,64(s2)
 384:	0100                	.2byte	0x100
 386:	2005                	.2byte	0x2005
 388:	0200                	.2byte	0x200
 38a:	0304                	.2byte	0x304
 38c:	0306                	.2byte	0x306
 38e:	097f                	.2byte	0x97f
 390:	0004                	.2byte	0x4
 392:	0501                	.2byte	0x501
 394:	0019                	.2byte	0x19
 396:	0402                	.2byte	0x402
 398:	09000303          	lb	t1,144(zero) # 90 <outputsignal+0x5c>
 39c:	0000                	.2byte	0x0
 39e:	0501                	.2byte	0x501
 3a0:	0601                	.2byte	0x601
 3a2:	04090403          	lb	s0,64(s2)
 3a6:	0100                	.2byte	0x100
 3a8:	4005                	.2byte	0x4005
 3aa:	0306                	.2byte	0x306
 3ac:	0902                	.2byte	0x902
 3ae:	0004                	.2byte	0x4
 3b0:	0501                	.2byte	0x501
 3b2:	0309                	.2byte	0x309
 3b4:	0902                	.2byte	0x902
 3b6:	0000                	.2byte	0x0
 3b8:	0501                	.2byte	0x501
 3ba:	062d                	.2byte	0x62d
 3bc:	00090003          	lb	zero,0(s2)
 3c0:	0100                	.2byte	0x100
 3c2:	0905                	.2byte	0x905
 3c4:	0306                	.2byte	0x306
 3c6:	000c0903          	lb	s2,0(s8)
 3ca:	0501                	.2byte	0x501
 3cc:	062d                	.2byte	0x62d
 3ce:	00090003          	lb	zero,0(s2)
 3d2:	0100                	.2byte	0x100
 3d4:	0905                	.2byte	0x905
 3d6:	0306                	.2byte	0x306
 3d8:	0902                	.2byte	0x902
 3da:	000c                	.2byte	0xc
 3dc:	0301                	.2byte	0x301
 3de:	0904                	.2byte	0x904
 3e0:	0000                	.2byte	0x0
 3e2:	0501                	.2byte	0x501
 3e4:	0312                	.2byte	0x312
 3e6:	0900                	.2byte	0x900
 3e8:	0000                	.2byte	0x0
 3ea:	0501                	.2byte	0x501
 3ec:	062d                	.2byte	0x62d
 3ee:	04097a03          	.4byte	0x4097a03
 3f2:	0100                	.2byte	0x100
 3f4:	3d05                	.2byte	0x3d05
 3f6:	08090903          	lb	s2,128(s2)
 3fa:	0100                	.2byte	0x100
 3fc:	1205                	.2byte	0x1205
 3fe:	04097d03          	.4byte	0x4097d03
 402:	0100                	.2byte	0x100
 404:	1905                	.2byte	0x1905
 406:	0306                	.2byte	0x306
 408:	00040903          	lb	s2,0(s0)
 40c:	0501                	.2byte	0x501
 40e:	063d                	.2byte	0x63d
 410:	00090003          	lb	zero,0(s2)
 414:	0100                	.2byte	0x100
 416:	1905                	.2byte	0x1905
 418:	0306                	.2byte	0x306
 41a:	0905                	.2byte	0x905
 41c:	0004                	.2byte	0x4
 41e:	0501                	.2byte	0x501
 420:	062c                	.2byte	0x62c
 422:	00090003          	lb	zero,0(s2)
 426:	0100                	.2byte	0x100
 428:	1205                	.2byte	0x1205
 42a:	04097803          	.4byte	0x4097803
 42e:	0100                	.2byte	0x100
 430:	2905                	.2byte	0x2905
 432:	08090803          	lb	a6,128(s2)
 436:	0100                	.2byte	0x100
 438:	1905                	.2byte	0x1905
 43a:	0306                	.2byte	0x306
 43c:	0901                	.2byte	0x901
 43e:	0004                	.2byte	0x4
 440:	0501                	.2byte	0x501
 442:	0312                	.2byte	0x312
 444:	00000977          	.4byte	0x977
 448:	0501                	.2byte	0x501
 44a:	0309                	.2byte	0x309
 44c:	0910                	.2byte	0x910
 44e:	0004                	.2byte	0x4
 450:	0501                	.2byte	0x501
 452:	01030643          	.4byte	0x1030643
 456:	0009                	.2byte	0x9
 458:	0100                	.2byte	0x100
 45a:	4905                	.2byte	0x4905
 45c:	04090003          	lb	zero,64(s2)
 460:	0100                	.2byte	0x100
 462:	4305                	.2byte	0x4305
 464:	04090003          	lb	zero,64(s2)
 468:	0100                	.2byte	0x100
 46a:	4905                	.2byte	0x4905
 46c:	04090003          	lb	zero,64(s2)
 470:	0100                	.2byte	0x100
 472:	0a05                	.2byte	0xa05
 474:	04097f03          	.4byte	0x4097f03
 478:	0100                	.2byte	0x100
 47a:	0905                	.2byte	0x905
 47c:	0306                	.2byte	0x306
 47e:	0901                	.2byte	0x901
 480:	0004                	.2byte	0x4
 482:	0501                	.2byte	0x501
 484:	062d                	.2byte	0x62d
 486:	00090003          	lb	zero,0(s2)
 48a:	0100                	.2byte	0x100
 48c:	0105                	.2byte	0x105
 48e:	08090203          	lb	tp,128(s2)
 492:	0100                	.2byte	0x100
 494:	0409                	.2byte	0x409
 496:	0000                	.2byte	0x0
 498:	0101                	.2byte	0x101
 49a:	03ee                	.2byte	0x3ee
 49c:	0000                	.2byte	0x0
 49e:	0005                	.2byte	0x5
 4a0:	0004                	.2byte	0x4
 4a2:	003c                	.2byte	0x3c
 4a4:	0000                	.2byte	0x0
 4a6:	0101                	.2byte	0x101
 4a8:	fb01                	.2byte	0xfb01
 4aa:	0d0e                	.2byte	0xd0e
 4ac:	0100                	.2byte	0x100
 4ae:	0101                	.2byte	0x101
 4b0:	0001                	.2byte	0x1
 4b2:	0000                	.2byte	0x0
 4b4:	0001                	.2byte	0x1
 4b6:	0100                	.2byte	0x100
 4b8:	0101                	.2byte	0x101
 4ba:	031f 0000 0000      	.byte	0x1f, 0x03, 0x00, 0x00, 0x00, 0x00
 4c0:	0000004b          	.4byte	0x4b
 4c4:	007a                	.2byte	0x7a
 4c6:	0000                	.2byte	0x0
 4c8:	0102                	.2byte	0x102
 4ca:	021f 040f 00d3      	.byte	0x1f, 0x02, 0x0f, 0x04, 0xd3, 0x00
 4d0:	0000                	.2byte	0x0
 4d2:	e100                	.2byte	0xe100
 4d4:	0000                	.2byte	0x0
 4d6:	0100                	.2byte	0x100
 4d8:	000000d3          	.4byte	0xd3
 4dc:	ba00                	.2byte	0xba00
 4de:	0000                	.2byte	0x0
 4e0:	0200                	.2byte	0x200
 4e2:	0105                	.2byte	0x105
 4e4:	0500                	.2byte	0x500
 4e6:	7002                	.2byte	0x7002
 4e8:	0001                	.2byte	0x1
 4ea:	0310                	.2byte	0x310
 4ec:	0112                	.2byte	0x112
 4ee:	0205                	.2byte	0x205
 4f0:	00090103          	lb	sp,0(s2)
 4f4:	0100                	.2byte	0x100
 4f6:	0505                	.2byte	0x505
 4f8:	0306                	.2byte	0x306
 4fa:	0900                	.2byte	0x900
 4fc:	0000                	.2byte	0x0
 4fe:	0501                	.2byte	0x501
 500:	000d                	.2byte	0xd
 502:	0402                	.2byte	0x402
 504:	0301                	.2byte	0x301
 506:	0902                	.2byte	0x902
 508:	0008                	.2byte	0x8
 50a:	0501                	.2byte	0x501
 50c:	003c                	.2byte	0x3c
 50e:	0402                	.2byte	0x402
 510:	0301                	.2byte	0x301
 512:	0900                	.2byte	0x900
 514:	0004                	.2byte	0x4
 516:	0001                	.2byte	0x1
 518:	0402                	.2byte	0x402
 51a:	0601                	.2byte	0x601
 51c:	04090003          	lb	zero,64(s2)
 520:	0100                	.2byte	0x100
 522:	0d05                	.2byte	0xd05
 524:	0200                	.2byte	0x200
 526:	0104                	.2byte	0x104
 528:	0306                	.2byte	0x306
 52a:	0900                	.2byte	0x900
 52c:	0000                	.2byte	0x0
 52e:	0501                	.2byte	0x501
 530:	003c                	.2byte	0x3c
 532:	0402                	.2byte	0x402
 534:	0301                	.2byte	0x301
 536:	0900                	.2byte	0x900
 538:	0004                	.2byte	0x4
 53a:	0501                	.2byte	0x501
 53c:	0602                	.2byte	0x602
 53e:	04090103          	lb	sp,64(s2)
 542:	0100                	.2byte	0x100
 544:	3205                	.2byte	0x3205
 546:	0306                	.2byte	0x306
 548:	0900                	.2byte	0x900
 54a:	0000                	.2byte	0x0
 54c:	0501                	.2byte	0x501
 54e:	0301                	.2byte	0x301
 550:	0901                	.2byte	0x901
 552:	0004                	.2byte	0x4
 554:	0501                	.2byte	0x501
 556:	030d                	.2byte	0x30d
 558:	097e                	.2byte	0x97e
 55a:	0004                	.2byte	0x4
 55c:	0501                	.2byte	0x501
 55e:	033c                	.2byte	0x33c
 560:	0900                	.2byte	0x900
 562:	0004                	.2byte	0x4
 564:	0601                	.2byte	0x601
 566:	04090003          	lb	zero,64(s2)
 56a:	0100                	.2byte	0x100
 56c:	0d05                	.2byte	0xd05
 56e:	0306                	.2byte	0x306
 570:	0900                	.2byte	0x900
 572:	0000                	.2byte	0x0
 574:	0501                	.2byte	0x501
 576:	033c                	.2byte	0x33c
 578:	0900                	.2byte	0x900
 57a:	0004                	.2byte	0x4
 57c:	0501                	.2byte	0x501
 57e:	0602                	.2byte	0x602
 580:	04090103          	lb	sp,64(s2)
 584:	0100                	.2byte	0x100
 586:	3205                	.2byte	0x3205
 588:	0306                	.2byte	0x306
 58a:	0900                	.2byte	0x900
 58c:	0000                	.2byte	0x0
 58e:	0501                	.2byte	0x501
 590:	0301                	.2byte	0x301
 592:	0901                	.2byte	0x901
 594:	0008                	.2byte	0x8
 596:	0601                	.2byte	0x601
 598:	04090303          	lb	t1,64(s2)
 59c:	0100                	.2byte	0x100
 59e:	0205                	.2byte	0x205
 5a0:	00090103          	lb	sp,0(s2)
 5a4:	0100                	.2byte	0x100
 5a6:	0905                	.2byte	0x905
 5a8:	00090003          	lb	zero,0(s2)
 5ac:	0100                	.2byte	0x100
 5ae:	0505                	.2byte	0x505
 5b0:	0306                	.2byte	0x306
 5b2:	0978                	.2byte	0x978
 5b4:	0008                	.2byte	0x8
 5b6:	0501                	.2byte	0x501
 5b8:	030d                	.2byte	0x30d
 5ba:	0902                	.2byte	0x902
 5bc:	0004                	.2byte	0x4
 5be:	0501                	.2byte	0x501
 5c0:	033c                	.2byte	0x33c
 5c2:	0900                	.2byte	0x900
 5c4:	0004                	.2byte	0x4
 5c6:	0501                	.2byte	0x501
 5c8:	0332                	.2byte	0x332
 5ca:	0901                	.2byte	0x901
 5cc:	0004                	.2byte	0x4
 5ce:	0501                	.2byte	0x501
 5d0:	06030603          	lb	a2,96(t1)
 5d4:	0409                	.2byte	0x409
 5d6:	0100                	.2byte	0x100
 5d8:	0e05                	.2byte	0xe05
 5da:	0306                	.2byte	0x306
 5dc:	0900                	.2byte	0x900
 5de:	0000                	.2byte	0x0
 5e0:	0501                	.2byte	0x501
 5e2:	0602                	.2byte	0x602
 5e4:	04097703          	.4byte	0x4097703
 5e8:	0100                	.2byte	0x100
 5ea:	0505                	.2byte	0x505
 5ec:	0306                	.2byte	0x306
 5ee:	0900                	.2byte	0x900
 5f0:	0000                	.2byte	0x0
 5f2:	0501                	.2byte	0x501
 5f4:	063c                	.2byte	0x63c
 5f6:	04090203          	lb	tp,64(s2)
 5fa:	0100                	.2byte	0x100
 5fc:	0d05                	.2byte	0xd05
 5fe:	0306                	.2byte	0x306
 600:	0900                	.2byte	0x900
 602:	0000                	.2byte	0x0
 604:	0501                	.2byte	0x501
 606:	033c                	.2byte	0x33c
 608:	0900                	.2byte	0x900
 60a:	0004                	.2byte	0x4
 60c:	0501                	.2byte	0x501
 60e:	0602                	.2byte	0x602
 610:	04090103          	lb	sp,64(s2)
 614:	0100                	.2byte	0x100
 616:	3205                	.2byte	0x3205
 618:	0306                	.2byte	0x306
 61a:	0900                	.2byte	0x900
 61c:	0000                	.2byte	0x0
 61e:	0501                	.2byte	0x501
 620:	0609                	.2byte	0x609
 622:	04090503          	lb	a0,64(s2)
 626:	0100                	.2byte	0x100
 628:	0105                	.2byte	0x105
 62a:	0306                	.2byte	0x306
 62c:	0902                	.2byte	0x902
 62e:	0008                	.2byte	0x8
 630:	0501                	.2byte	0x501
 632:	063c                	.2byte	0x63c
 634:	04097803          	.4byte	0x4097803
 638:	0100                	.2byte	0x100
 63a:	0d05                	.2byte	0xd05
 63c:	0306                	.2byte	0x306
 63e:	0900                	.2byte	0x900
 640:	0000                	.2byte	0x0
 642:	0501                	.2byte	0x501
 644:	033c                	.2byte	0x33c
 646:	0900                	.2byte	0x900
 648:	0004                	.2byte	0x4
 64a:	0501                	.2byte	0x501
 64c:	0602                	.2byte	0x602
 64e:	04090103          	lb	sp,64(s2)
 652:	0100                	.2byte	0x100
 654:	3205                	.2byte	0x3205
 656:	0306                	.2byte	0x306
 658:	0900                	.2byte	0x900
 65a:	0000                	.2byte	0x0
 65c:	0501                	.2byte	0x501
 65e:	0301                	.2byte	0x301
 660:	0901                	.2byte	0x901
 662:	0004                	.2byte	0x4
 664:	0901                	.2byte	0x901
 666:	0004                	.2byte	0x4
 668:	0100                	.2byte	0x100
 66a:	0401                	.2byte	0x401
 66c:	0502                	.2byte	0x502
 66e:	0001                	.2byte	0x1
 670:	0205                	.2byte	0x205
 672:	009c                	.2byte	0x9c
 674:	3800                	.2byte	0x3800
 676:	0519                	.2byte	0x519
 678:	0309                	.2byte	0x309
 67a:	00000903          	lb	s2,0(zero) # 0 <taps>
 67e:	0501                	.2byte	0x501
 680:	0601                	.2byte	0x601
 682:	00097d03          	.4byte	0x97d03
 686:	0100                	.2byte	0x100
 688:	2b05                	.2byte	0x2b05
 68a:	04090303          	lb	t1,64(s2)
 68e:	0100                	.2byte	0x100
 690:	0105                	.2byte	0x105
 692:	08097d03          	.4byte	0x8097d03
 696:	0100                	.2byte	0x100
 698:	2b05                	.2byte	0x2b05
 69a:	04090303          	lb	t1,64(s2)
 69e:	0100                	.2byte	0x100
 6a0:	0905                	.2byte	0x905
 6a2:	0306                	.2byte	0x306
 6a4:	0901                	.2byte	0x901
 6a6:	0008                	.2byte	0x8
 6a8:	0501                	.2byte	0x501
 6aa:	0003062b          	.4byte	0x3062b
 6ae:	0009                	.2byte	0x9
 6b0:	0100                	.2byte	0x100
 6b2:	0905                	.2byte	0x905
 6b4:	0306                	.2byte	0x306
 6b6:	0901                	.2byte	0x901
 6b8:	0004                	.2byte	0x4
 6ba:	0501                	.2byte	0x501
 6bc:	0003062b          	.4byte	0x3062b
 6c0:	0009                	.2byte	0x9
 6c2:	0100                	.2byte	0x100
 6c4:	0905                	.2byte	0x905
 6c6:	0306                	.2byte	0x306
 6c8:	0901                	.2byte	0x901
 6ca:	0004                	.2byte	0x4
 6cc:	0501                	.2byte	0x501
 6ce:	0003062b          	.4byte	0x3062b
 6d2:	0009                	.2byte	0x9
 6d4:	0100                	.2byte	0x100
 6d6:	0905                	.2byte	0x905
 6d8:	0306                	.2byte	0x306
 6da:	0901                	.2byte	0x901
 6dc:	0004                	.2byte	0x4
 6de:	0501                	.2byte	0x501
 6e0:	0003062b          	.4byte	0x3062b
 6e4:	0009                	.2byte	0x9
 6e6:	0100                	.2byte	0x100
 6e8:	0905                	.2byte	0x905
 6ea:	0306                	.2byte	0x306
 6ec:	0901                	.2byte	0x901
 6ee:	0004                	.2byte	0x4
 6f0:	0501                	.2byte	0x501
 6f2:	0003062b          	.4byte	0x3062b
 6f6:	0009                	.2byte	0x9
 6f8:	0100                	.2byte	0x100
 6fa:	0905                	.2byte	0x905
 6fc:	0306                	.2byte	0x306
 6fe:	0901                	.2byte	0x901
 700:	0004                	.2byte	0x4
 702:	0501                	.2byte	0x501
 704:	0003062b          	.4byte	0x3062b
 708:	0009                	.2byte	0x9
 70a:	0100                	.2byte	0x100
 70c:	0905                	.2byte	0x905
 70e:	0306                	.2byte	0x306
 710:	0901                	.2byte	0x901
 712:	0004                	.2byte	0x4
 714:	0501                	.2byte	0x501
 716:	0003062b          	.4byte	0x3062b
 71a:	0009                	.2byte	0x9
 71c:	0100                	.2byte	0x100
 71e:	0905                	.2byte	0x905
 720:	0306                	.2byte	0x306
 722:	0901                	.2byte	0x901
 724:	0004                	.2byte	0x4
 726:	0501                	.2byte	0x501
 728:	0003062b          	.4byte	0x3062b
 72c:	0009                	.2byte	0x9
 72e:	0100                	.2byte	0x100
 730:	0905                	.2byte	0x905
 732:	0306                	.2byte	0x306
 734:	0901                	.2byte	0x901
 736:	0004                	.2byte	0x4
 738:	0501                	.2byte	0x501
 73a:	0003062b          	.4byte	0x3062b
 73e:	0009                	.2byte	0x9
 740:	0100                	.2byte	0x100
 742:	0905                	.2byte	0x905
 744:	0306                	.2byte	0x306
 746:	0901                	.2byte	0x901
 748:	0004                	.2byte	0x4
 74a:	0501                	.2byte	0x501
 74c:	0003062b          	.4byte	0x3062b
 750:	0009                	.2byte	0x9
 752:	0100                	.2byte	0x100
 754:	0905                	.2byte	0x905
 756:	0306                	.2byte	0x306
 758:	0901                	.2byte	0x901
 75a:	0004                	.2byte	0x4
 75c:	0501                	.2byte	0x501
 75e:	0003062b          	.4byte	0x3062b
 762:	0009                	.2byte	0x9
 764:	0100                	.2byte	0x100
 766:	0905                	.2byte	0x905
 768:	0306                	.2byte	0x306
 76a:	0901                	.2byte	0x901
 76c:	0004                	.2byte	0x4
 76e:	0501                	.2byte	0x501
 770:	0003062b          	.4byte	0x3062b
 774:	0009                	.2byte	0x9
 776:	0100                	.2byte	0x100
 778:	0905                	.2byte	0x905
 77a:	0306                	.2byte	0x306
 77c:	0901                	.2byte	0x901
 77e:	0004                	.2byte	0x4
 780:	0501                	.2byte	0x501
 782:	0003062b          	.4byte	0x3062b
 786:	0009                	.2byte	0x9
 788:	0100                	.2byte	0x100
 78a:	0905                	.2byte	0x905
 78c:	0306                	.2byte	0x306
 78e:	0901                	.2byte	0x901
 790:	0004                	.2byte	0x4
 792:	0501                	.2byte	0x501
 794:	0003062b          	.4byte	0x3062b
 798:	0009                	.2byte	0x9
 79a:	0100                	.2byte	0x100
 79c:	0905                	.2byte	0x905
 79e:	0306                	.2byte	0x306
 7a0:	0901                	.2byte	0x901
 7a2:	0004                	.2byte	0x4
 7a4:	0501                	.2byte	0x501
 7a6:	0003062b          	.4byte	0x3062b
 7aa:	0009                	.2byte	0x9
 7ac:	0100                	.2byte	0x100
 7ae:	0905                	.2byte	0x905
 7b0:	0306                	.2byte	0x306
 7b2:	0916                	.2byte	0x916
 7b4:	0004                	.2byte	0x4
 7b6:	0501                	.2byte	0x501
 7b8:	0003062b          	.4byte	0x3062b
 7bc:	0009                	.2byte	0x9
 7be:	0100                	.2byte	0x100
 7c0:	0905                	.2byte	0x905
 7c2:	0306                	.2byte	0x306
 7c4:	0901                	.2byte	0x901
 7c6:	0008                	.2byte	0x8
 7c8:	0501                	.2byte	0x501
 7ca:	0611                	.2byte	0x611
 7cc:	00090003          	lb	zero,0(s2)
 7d0:	0100                	.2byte	0x100
 7d2:	3205                	.2byte	0x3205
 7d4:	04090003          	lb	zero,64(s2)
 7d8:	0100                	.2byte	0x100
 7da:	0200                	.2byte	0x200
 7dc:	0104                	.2byte	0x104
 7de:	0306                	.2byte	0x306
 7e0:	0900                	.2byte	0x900
 7e2:	0004                	.2byte	0x4
 7e4:	0501                	.2byte	0x501
 7e6:	0011                	.2byte	0x11
 7e8:	0402                	.2byte	0x402
 7ea:	0601                	.2byte	0x601
 7ec:	00090003          	lb	zero,0(s2)
 7f0:	0100                	.2byte	0x100
 7f2:	3205                	.2byte	0x3205
 7f4:	0200                	.2byte	0x200
 7f6:	0104                	.2byte	0x104
 7f8:	04090003          	lb	zero,64(s2)
 7fc:	0100                	.2byte	0x100
 7fe:	0205                	.2byte	0x205
 800:	0306                	.2byte	0x306
 802:	0902                	.2byte	0x902
 804:	0004                	.2byte	0x4
 806:	0501                	.2byte	0x501
 808:	060d                	.2byte	0x60d
 80a:	00090003          	lb	zero,0(s2)
 80e:	0100                	.2byte	0x100
 810:	0205                	.2byte	0x205
 812:	0306                	.2byte	0x306
 814:	0902                	.2byte	0x902
 816:	0004                	.2byte	0x4
 818:	0501                	.2byte	0x501
 81a:	09000307          	.4byte	0x9000307
 81e:	0000                	.2byte	0x0
 820:	0501                	.2byte	0x501
 822:	0314                	.2byte	0x314
 824:	0900                	.2byte	0x900
 826:	0000                	.2byte	0x0
 828:	0501                	.2byte	0x501
 82a:	09010303          	lb	t1,144(sp)
 82e:	0000                	.2byte	0x0
 830:	0501                	.2byte	0x501
 832:	060c                	.2byte	0x60c
 834:	00090003          	lb	zero,0(s2)
 838:	0100                	.2byte	0x100
 83a:	1a05                	.2byte	0x1a05
 83c:	0306                	.2byte	0x306
 83e:	097f                	.2byte	0x97f
 840:	0004                	.2byte	0x4
 842:	0501                	.2byte	0x501
 844:	0314                	.2byte	0x314
 846:	0900                	.2byte	0x900
 848:	0000                	.2byte	0x0
 84a:	0501                	.2byte	0x501
 84c:	09010303          	lb	t1,144(sp)
 850:	0000                	.2byte	0x0
 852:	0501                	.2byte	0x501
 854:	060c                	.2byte	0x60c
 856:	00090003          	lb	zero,0(s2)
 85a:	0100                	.2byte	0x100
 85c:	1a05                	.2byte	0x1a05
 85e:	0306                	.2byte	0x306
 860:	097f                	.2byte	0x97f
 862:	0004                	.2byte	0x4
 864:	0501                	.2byte	0x501
 866:	0314                	.2byte	0x314
 868:	0900                	.2byte	0x900
 86a:	0000                	.2byte	0x0
 86c:	0501                	.2byte	0x501
 86e:	09010303          	lb	t1,144(sp)
 872:	0000                	.2byte	0x0
 874:	0501                	.2byte	0x501
 876:	0601                	.2byte	0x601
 878:	00090303          	lb	t1,0(s2)
 87c:	0100                	.2byte	0x100
 87e:	0c05                	.2byte	0xc05
 880:	08097d03          	.4byte	0x8097d03
 884:	0100                	.2byte	0x100
 886:	0409                	.2byte	0x409
 888:	0000                	.2byte	0x0
 88a:	0101                	.2byte	0x101

Disassembly of section .debug_line_str:

00000000 <.debug_line_str>:
   0:	6d6f682f          	.4byte	0x6d6f682f
   4:	2f65                	.2byte	0x2f65
   6:	6275                	.2byte	0x6275
   8:	6e75                	.2byte	0x6e75
   a:	7574                	.2byte	0x7574
   c:	7261632f          	.4byte	0x7261632f
  10:	7661                	.2byte	0x7661
  12:	6c65                	.2byte	0x6c65
  14:	732d                	.2byte	0x732d
  16:	665f636f          	jal	t1,f6e7a <_fstack+0xf687a>
  1a:	6770                	.2byte	0x6770
  1c:	2d61                	.2byte	0x2d61
  1e:	616c                	.2byte	0x616c
  20:	2f62                	.2byte	0x2f62
  22:	616c                	.2byte	0x616c
  24:	2d62                	.2byte	0x2d62
  26:	61726163          	bltu	tp,s7,628 <_fstack+0x28>
  2a:	6576                	.2byte	0x6576
  2c:	5f6c                	.2byte	0x5f6c
  2e:	6966                	.2byte	0x6966
  30:	2f72                	.2byte	0x2f72
  32:	6574                	.2byte	0x6574
  34:	65627473          	csrrci	s0,0x656,4
  38:	636e                	.2byte	0x636e
  3a:	2f68                	.2byte	0x2f68
  3c:	6e756f63          	bltu	a0,t2,73a <_fstack+0x13a>
  40:	6574                	.2byte	0x6574
  42:	5f72                	.2byte	0x5f72
  44:	616c                	.2byte	0x616c
  46:	665f 7269 2e00      	.byte	0x5f, 0x66, 0x69, 0x72, 0x00, 0x2e
  4c:	2f2e                	.2byte	0x2f2e
  4e:	2e2e                	.2byte	0x2e2e
  50:	7269662f          	.4byte	0x7269662f
  54:	776d                	.2byte	0x776d
  56:	7261                	.2byte	0x7261
  58:	0065                	.2byte	0x65
  5a:	30747263          	bgeu	s0,t2,35e <_ebss+0x226>
  5e:	765f 7865 532e      	.byte	0x5f, 0x76, 0x65, 0x78, 0x2e, 0x53
  64:	2e00                	.2byte	0x2e00
  66:	2f2e                	.2byte	0x2f2e
  68:	2e2e                	.2byte	0x2e2e
  6a:	7269662f          	.4byte	0x7269662f
  6e:	776d                	.2byte	0x776d
  70:	7261                	.2byte	0x7261
  72:	2f65                	.2byte	0x2f65
  74:	7369                	.2byte	0x7369
  76:	2e72                	.2byte	0x2e72
  78:	6f2f0063          	beq	t5,s2,758 <_fstack+0x158>
  7c:	7470                	.2byte	0x7470
  7e:	7369722f          	.4byte	0x7369722f
  82:	6c2f7663          	bgeu	t5,sp,74e <_fstack+0x14e>
  86:	6269                	.2byte	0x6269
  88:	6363672f          	.4byte	0x6363672f
  8c:	7369722f          	.4byte	0x7369722f
  90:	32337663          	bgeu	t1,gp,3bc <_ebss+0x284>
  94:	752d                	.2byte	0x752d
  96:	6b6e                	.2byte	0x6b6e
  98:	6f6e                	.2byte	0x6f6e
  9a:	652d6e77          	.4byte	0x652d6e77
  9e:	666c                	.2byte	0x666c
  a0:	2e32312f          	.4byte	0x2e32312f
  a4:	2e31                	.2byte	0x2e31
  a6:	2f30                	.2byte	0x2f30
  a8:	6e69                	.2byte	0x6e69
  aa:	64756c63          	bltu	a0,t2,702 <_fstack+0x102>
  ae:	0065                	.2byte	0x65
  b0:	7269                	.2byte	0x7269
  b2:	5f71                	.2byte	0x5f71
  b4:	6576                	.2byte	0x6576
  b6:	2e78                	.2byte	0x2e78
  b8:	0068                	.2byte	0x68
  ba:	69647473          	csrrci	s0,0x696,8
  be:	746e                	.2byte	0x746e
  c0:	672d                	.2byte	0x672d
  c2:	682e6363          	bltu	t3,sp,748 <_fstack+0x148>
  c6:	6600                	.2byte	0x6600
  c8:	7269                	.2byte	0x7269
  ca:	632e                	.2byte	0x632e
  cc:	6600                	.2byte	0x6600
  ce:	7269                	.2byte	0x7269
  d0:	682e                	.2byte	0x682e
  d2:	6600                	.2byte	0x6600
  d4:	7269                	.2byte	0x7269
  d6:	635f 6e6f 7274      	.byte	0x5f, 0x63, 0x6f, 0x6e, 0x74, 0x72
  dc:	632e6c6f          	jal	s8,e670e <_fstack+0xe610e>
  e0:	7300                	.2byte	0x7300
  e2:	7574                	.2byte	0x7574
  e4:	2e62                	.2byte	0x2e62
  e6:	63 00             	Address 0x00000000000000e6 is out of bounds.


Disassembly of section .debug_info:

00000000 <.debug_info>:
   0:	0021                	.2byte	0x21
   2:	0000                	.2byte	0x0
   4:	0005                	.2byte	0x5
   6:	0401                	.2byte	0x401
   8:	0000                	.2byte	0x0
   a:	0000                	.2byte	0x0
   c:	0001                	.2byte	0x1
   e:	0000                	.2byte	0x0
  10:	0000                	.2byte	0x0
  12:	0000                	.2byte	0x0
  14:	e010                	.2byte	0xe010
  16:	0002                	.2byte	0x2
  18:	0000                	.2byte	0x0
  1a:	1a00                	.2byte	0x1a00
  1c:	0000                	.2byte	0x0
  1e:	6500                	.2byte	0x6500
  20:	0000                	.2byte	0x0
  22:	0100                	.2byte	0x100
  24:	d880                	.2byte	0xd880
  26:	0000                	.2byte	0x0
  28:	0500                	.2byte	0x500
  2a:	0100                	.2byte	0x100
  2c:	1404                	.2byte	0x1404
  2e:	0000                	.2byte	0x0
  30:	0300                	.2byte	0x300
  32:	0071                	.2byte	0x71
  34:	0000                	.2byte	0x0
  36:	651d                	.2byte	0x651d
  38:	0000                	.2byte	0x0
  3a:	0000                	.2byte	0x0
  3c:	0000                	.2byte	0x0
  3e:	4800                	.2byte	0x4800
  40:	0001                	.2byte	0x1
  42:	2810                	.2byte	0x2810
  44:	0000                	.2byte	0x0
  46:	0400                	.2byte	0x400
  48:	0002                	.2byte	0x2
  4a:	0100                	.2byte	0x100
  4c:	0601                	.2byte	0x601
  4e:	00ce                	.2byte	0xce
  50:	0000                	.2byte	0x0
  52:	0201                	.2byte	0x201
  54:	2305                	.2byte	0x2305
  56:	0001                	.2byte	0x1
  58:	0100                	.2byte	0x100
  5a:	0504                	.2byte	0x504
  5c:	011a                	.2byte	0x11a
  5e:	0000                	.2byte	0x0
  60:	0801                	.2byte	0x801
  62:	1505                	.2byte	0x1505
  64:	0001                	.2byte	0x1
  66:	0100                	.2byte	0x100
  68:	0801                	.2byte	0x801
  6a:	00cc                	.2byte	0xcc
  6c:	0000                	.2byte	0x0
  6e:	2d02                	.2byte	0x2d02
  70:	0001                	.2byte	0x1
  72:	3100                	.2byte	0x3100
  74:	541c                	.2byte	0x541c
  76:	0000                	.2byte	0x0
  78:	0100                	.2byte	0x100
  7a:	0702                	.2byte	0x702
  7c:	00da                	.2byte	0xda
  7e:	0000                	.2byte	0x0
  80:	3602                	.2byte	0x3602
  82:	0001                	.2byte	0x1
  84:	3400                	.2byte	0x3400
  86:	0000661b          	.4byte	0x661b
  8a:	0100                	.2byte	0x100
  8c:	0704                	.2byte	0x704
  8e:	00000103          	lb	sp,0(zero) # 0 <taps>
  92:	0801                	.2byte	0x801
  94:	0000fe07          	.4byte	0xfe07
  98:	0400                	.2byte	0x400
  9a:	0504                	.2byte	0x504
  9c:	6e69                	.2byte	0x6e69
  9e:	0074                	.2byte	0x74
  a0:	0401                	.2byte	0x401
  a2:	00010807          	.4byte	0x10807
  a6:	0500                	.2byte	0x500
  a8:	00f9                	.2byte	0xf9
  aa:	0000                	.2byte	0x0
  ac:	0e01                	.2byte	0xe01
  ae:	490a                	.2byte	0x490a
  b0:	0000                	.2byte	0x0
  b2:	0500                	.2byte	0x500
  b4:	00003003          	.4byte	0x3003
  b8:	0600                	.2byte	0x600
  ba:	7369                	.2byte	0x7369
  bc:	0072                	.2byte	0x72
  be:	1001                	.2byte	0x1001
  c0:	4806                	.2byte	0x4806
  c2:	0001                	.2byte	0x1
  c4:	2810                	.2byte	0x2810
  c6:	0000                	.2byte	0x0
  c8:	0100                	.2byte	0x100
  ca:	c59c                	.2byte	0xc59c
  cc:	0000                	.2byte	0x0
  ce:	0700                	.2byte	0x700
  d0:	00c5                	.2byte	0xc5
  d2:	0000                	.2byte	0x0
  d4:	0148                	.2byte	0x148
  d6:	1000                	.2byte	0x1000
  d8:	0008                	.2byte	0x8
  da:	0000                	.2byte	0x0
  dc:	1601                	.2byte	0x1601
  de:	0802                	.2byte	0x802
  e0:	00ce                	.2byte	0xce
  e2:	0000                	.2byte	0x0
  e4:	000c                	.2byte	0xc
  e6:	0000                	.2byte	0x0
  e8:	0000                	.2byte	0x0
  ea:	ed09                	.2byte	0xed09
  ec:	0000                	.2byte	0x0
  ee:	0200                	.2byte	0x200
  f0:	141d                	.2byte	0x141d
  f2:	00f40a03          	lb	s4,15(s0)
  f6:	0000                	.2byte	0x0
  f8:	1d02                	.2byte	0x1d02
  fa:	7b2d                	.2byte	0x7b2d
  fc:	0000                	.2byte	0x0
  fe:	0000                	.2byte	0x0
 100:	0900                	.2byte	0x900
 102:	0001                	.2byte	0x1
 104:	0500                	.2byte	0x500
 106:	0100                	.2byte	0x100
 108:	b604                	.2byte	0xb604
 10a:	0000                	.2byte	0x0
 10c:	0700                	.2byte	0x700
 10e:	0071                	.2byte	0x71
 110:	0000                	.2byte	0x0
 112:	c71d                	.2byte	0xc71d
 114:	0000                	.2byte	0x0
 116:	0000                	.2byte	0x0
 118:	0000                	.2byte	0x0
 11a:	1f00                	.2byte	0x1f00
 11c:	0000                	.2byte	0x0
 11e:	0000                	.2byte	0x0
 120:	0000                	.2byte	0x0
 122:	b700                	.2byte	0xb700
 124:	0002                	.2byte	0x2
 126:	0200                	.2byte	0x200
 128:	003d                	.2byte	0x3d
 12a:	0000                	.2byte	0x0
 12c:	0036                	.2byte	0x36
 12e:	0000                	.2byte	0x0
 130:	00003603          	.4byte	0x3603
 134:	0a00                	.2byte	0xa00
 136:	0100                	.2byte	0x100
 138:	0704                	.2byte	0x704
 13a:	0108                	.2byte	0x108
 13c:	0000                	.2byte	0x0
 13e:	0408                	.2byte	0x408
 140:	6905                	.2byte	0x6905
 142:	746e                	.2byte	0x746e
 144:	0400                	.2byte	0x400
 146:	0000013f 00002614 	.8byte	0x26140000013f
 14e:	0500                	.2byte	0x500
 150:	00000003          	lb	zero,0(zero) # 0 <taps>
 154:	0200                	.2byte	0x200
 156:	003d                	.2byte	0x3d
 158:	0000                	.2byte	0x0
 15a:	0064                	.2byte	0x64
 15c:	0000                	.2byte	0x0
 15e:	00003603          	.4byte	0x3603
 162:	3f00                	.2byte	0x3f00
 164:	0400                	.2byte	0x400
 166:	0144                	.2byte	0x144
 168:	0000                	.2byte	0x0
 16a:	00005417          	auipc	s0,0x5
 16e:	0500                	.2byte	0x500
 170:	00003403          	.4byte	0x3403
 174:	0100                	.2byte	0x100
 176:	0601                	.2byte	0x601
 178:	00ce                	.2byte	0xce
 17a:	0000                	.2byte	0x0
 17c:	0201                	.2byte	0x201
 17e:	2305                	.2byte	0x2305
 180:	0001                	.2byte	0x1
 182:	0100                	.2byte	0x100
 184:	0504                	.2byte	0x504
 186:	011a                	.2byte	0x11a
 188:	0000                	.2byte	0x0
 18a:	0801                	.2byte	0x801
 18c:	1505                	.2byte	0x1505
 18e:	0001                	.2byte	0x1
 190:	0500                	.2byte	0x500
 192:	0151                	.2byte	0x151
 194:	0000                	.2byte	0x0
 196:	172e                	.2byte	0x172e
 198:	0000009b          	.4byte	0x9b
 19c:	0101                	.2byte	0x101
 19e:	cc08                	.2byte	0xcc08
 1a0:	0000                	.2byte	0x0
 1a2:	0100                	.2byte	0x100
 1a4:	0702                	.2byte	0x702
 1a6:	00da                	.2byte	0xda
 1a8:	0000                	.2byte	0x0
 1aa:	3605                	.2byte	0x3605
 1ac:	0001                	.2byte	0x1
 1ae:	3400                	.2byte	0x3400
 1b0:	0000b41b          	.4byte	0xb41b
 1b4:	0100                	.2byte	0x100
 1b6:	0704                	.2byte	0x704
 1b8:	00000103          	lb	sp,0(zero) # 0 <taps>
 1bc:	0801                	.2byte	0x801
 1be:	0000fe07          	.4byte	0xfe07
 1c2:	0900                	.2byte	0x900
 1c4:	0161                	.2byte	0x161
 1c6:	0000                	.2byte	0x0
 1c8:	1001                	.2byte	0x1001
 1ca:	00003833          	snez	a6,zero
 1ce:	6438                	.2byte	0x6438
 1d0:	0000                	.2byte	0x0
 1d2:	0100                	.2byte	0x100
 1d4:	e69c                	.2byte	0xe69c
 1d6:	0000                	.2byte	0x0
 1d8:	0600                	.2byte	0x600
 1da:	0074                	.2byte	0x74
 1dc:	00901a17          	auipc	s4,0x901
 1e0:	0000                	.2byte	0x0
 1e2:	0025                	.2byte	0x25
 1e4:	0000                	.2byte	0x0
 1e6:	0a00                	.2byte	0xa00
 1e8:	0159                	.2byte	0x159
 1ea:	0000                	.2byte	0x0
 1ec:	0401                	.2byte	0x401
 1ee:	00000033          	add	zero,zero,zero
 1f2:	3838                	.2byte	0x3838
 1f4:	0000                	.2byte	0x0
 1f6:	0100                	.2byte	0x100
 1f8:	0b9c                	.2byte	0xb9c
 1fa:	000c                	.2byte	0xc
 1fc:	0000                	.2byte	0x0
 1fe:	6906                	.2byte	0x6906
 200:	0a00                	.2byte	0xa00
 202:	a910                	.2byte	0xa910
 204:	0000                	.2byte	0x0
 206:	3d00                	.2byte	0x3d00
 208:	0000                	.2byte	0x0
 20a:	0000                	.2byte	0x0
 20c:	0000                	.2byte	0x0
 20e:	01ae                	.2byte	0x1ae
 210:	0000                	.2byte	0x0
 212:	0005                	.2byte	0x5
 214:	0401                	.2byte	0x401
 216:	0160                	.2byte	0x160
 218:	0000                	.2byte	0x0
 21a:	7109                	.2byte	0x7109
 21c:	0000                	.2byte	0x0
 21e:	1d00                	.2byte	0x1d00
 220:	000000d3          	.4byte	0xd3
 224:	0000                	.2byte	0x0
 226:	0000                	.2byte	0x0
 228:	00a5                	.2byte	0xa5
 22a:	0000                	.2byte	0x0
 22c:	0000                	.2byte	0x0
 22e:	0000                	.2byte	0x0
 230:	049a                	.2byte	0x49a
 232:	0000                	.2byte	0x0
 234:	0101                	.2byte	0x101
 236:	ce06                	.2byte	0xce06
 238:	0000                	.2byte	0x0
 23a:	0100                	.2byte	0x100
 23c:	0502                	.2byte	0x502
 23e:	00000123          	sb	zero,2(zero) # 2 <taps+0x2>
 242:	0401                	.2byte	0x401
 244:	1a05                	.2byte	0x1a05
 246:	0001                	.2byte	0x1
 248:	0100                	.2byte	0x100
 24a:	0508                	.2byte	0x508
 24c:	0115                	.2byte	0x115
 24e:	0000                	.2byte	0x0
 250:	0101                	.2byte	0x101
 252:	cc08                	.2byte	0xcc08
 254:	0000                	.2byte	0x0
 256:	0100                	.2byte	0x100
 258:	0702                	.2byte	0x702
 25a:	00da                	.2byte	0xda
 25c:	0000                	.2byte	0x0
 25e:	360a                	.2byte	0x360a
 260:	0001                	.2byte	0x1
 262:	0300                	.2byte	0x300
 264:	1b34                	.2byte	0x1b34
 266:	005c                	.2byte	0x5c
 268:	0000                	.2byte	0x0
 26a:	0401                	.2byte	0x401
 26c:	00010307          	.4byte	0x10307
 270:	0100                	.2byte	0x100
 272:	0708                	.2byte	0x708
 274:	00fe                	.2byte	0xfe
 276:	0000                	.2byte	0x0
 278:	6905040b          	.4byte	0x6905040b
 27c:	746e                	.2byte	0x746e
 27e:	0100                	.2byte	0x100
 280:	0704                	.2byte	0x704
 282:	0108                	.2byte	0x108
 284:	0000                	.2byte	0x0
 286:	00016103          	.4byte	0x16103
 28a:	0500                	.2byte	0x500
 28c:	0088                	.2byte	0x88
 28e:	0000                	.2byte	0x0
 290:	0088                	.2byte	0x88
 292:	0000                	.2byte	0x0
 294:	0004                	.2byte	0x4
 296:	6a05                	.2byte	0x6a05
 298:	0000                	.2byte	0x0
 29a:	0300                	.2byte	0x300
 29c:	0159                	.2byte	0x159
 29e:	0000                	.2byte	0x0
 2a0:	8804                	.2byte	0x8804
 2a2:	0000                	.2byte	0x0
 2a4:	9d00                	.2byte	0x9d00
 2a6:	0000                	.2byte	0x0
 2a8:	0400                	.2byte	0x400
 2aa:	0c00                	.2byte	0xc00
 2ac:	0174                	.2byte	0x174
 2ae:	0000                	.2byte	0x0
 2b0:	0702                	.2byte	0x702
 2b2:	00009c33          	sll	s8,ra,zero
 2b6:	8438                	.2byte	0x8438
 2b8:	0000                	.2byte	0x0
 2ba:	0100                	.2byte	0x100
 2bc:	0a9c                	.2byte	0xa9c
 2be:	0001                	.2byte	0x1
 2c0:	0600                	.2byte	0x600
 2c2:	6d74                	.2byte	0x6d74
 2c4:	0070                	.2byte	0x70
 2c6:	00880733          	add	a4,a6,s0
 2ca:	0000                	.2byte	0x0
 2cc:	6d0d                	.2byte	0x6d0d
 2ce:	0000                	.2byte	0x0
 2d0:	0000                	.2byte	0x0
 2d2:	0001                	.2byte	0x1
 2d4:	0e00                	.2byte	0xe00
 2d6:	0069                	.2byte	0x69
 2d8:	3502                	.2byte	0x3502
 2da:	00006a0b          	.4byte	0x6a0b
 2de:	5600                	.2byte	0x5600
 2e0:	0000                	.2byte	0x0
 2e2:	0f00                	.2byte	0xf00
 2e4:	0080                	.2byte	0x80
 2e6:	0000                	.2byte	0x0
 2e8:	7906                	.2byte	0x7906
 2ea:	3600                	.2byte	0x3600
 2ec:	8808                	.2byte	0x8808
 2ee:	0000                	.2byte	0x0
 2f0:	0200                	.2byte	0x200
 2f2:	0110                	.2byte	0x110
 2f4:	3800                	.2byte	0x3800
 2f6:	0078                	.2byte	0x78
 2f8:	0000                	.2byte	0x0
 2fa:	1402                	.2byte	0x1402
 2fc:	0001                	.2byte	0x1
 2fe:	7838                	.2byte	0x7838
 300:	0000                	.2byte	0x0
 302:	1000                	.2byte	0x1000
 304:	0120                	.2byte	0x120
 306:	3800                	.2byte	0x3800
 308:	0078                	.2byte	0x78
 30a:	0000                	.2byte	0x0
 30c:	0000                	.2byte	0x0
 30e:	0c02                	.2byte	0xc02
 310:	0001                	.2byte	0x1
 312:	8d38                	.2byte	0x8d38
 314:	0000                	.2byte	0x0
 316:	0000                	.2byte	0x0
 318:	7911                	.2byte	0x7911
 31a:	0001                	.2byte	0x1
 31c:	0100                	.2byte	0x100
 31e:	061a                	.2byte	0x61a
 320:	01ac                	.2byte	0x1ac
 322:	1000                	.2byte	0x1000
 324:	0048                	.2byte	0x48
 326:	0000                	.2byte	0x0
 328:	9c01                	.2byte	0x9c01
 32a:	0000015b          	.4byte	0x15b
 32e:	7012                	.2byte	0x7012
 330:	0100                	.2byte	0x100
 332:	181a                	.2byte	0x181a
 334:	0000015b          	.4byte	0x15b
 338:	0000007b          	.4byte	0x7b
 33c:	00016c07          	.4byte	0x16c07
 340:	b400                	.2byte	0xb400
 342:	0001                	.2byte	0x1
 344:	3e10                	.2byte	0x3e10
 346:	0000                	.2byte	0x0
 348:	1d00                	.2byte	0x1d00
 34a:	00017913          	andi	s2,sp,0
 34e:	9200                	.2byte	0x9200
 350:	0000                	.2byte	0x0
 352:	0700                	.2byte	0x700
 354:	016c                	.2byte	0x16c
 356:	0000                	.2byte	0x0
 358:	01b8                	.2byte	0x1b8
 35a:	1000                	.2byte	0x1000
 35c:	005a                	.2byte	0x5a
 35e:	0000                	.2byte	0x0
 360:	0815                	.2byte	0x815
 362:	0179                	.2byte	0x179
 364:	0000                	.2byte	0x0
 366:	0000                	.2byte	0x0
 368:	0500                	.2byte	0x500
 36a:	00000167          	jalr	sp,zero # 0 <taps>
 36e:	0101                	.2byte	0x101
 370:	d508                	.2byte	0xd508
 372:	0000                	.2byte	0x0
 374:	1400                	.2byte	0x1400
 376:	0160                	.2byte	0x160
 378:	0000                	.2byte	0x0
 37a:	6c15                	.2byte	0x6c15
 37c:	0001                	.2byte	0x1
 37e:	0100                	.2byte	0x100
 380:	0612                	.2byte	0x612
 382:	8401                	.2byte	0x8401
 384:	0001                	.2byte	0x1
 386:	1600                	.2byte	0x1600
 388:	12010063          	beqz	sp,4a8 <_ebss+0x370>
 38c:	00016013          	ori	zero,sp,0
 390:	0000                	.2byte	0x0
 392:	00016c17          	auipc	s8,0x16
 396:	7000                	.2byte	0x7000
 398:	0001                	.2byte	0x1
 39a:	3c10                	.2byte	0x3c10
 39c:	0000                	.2byte	0x0
 39e:	0100                	.2byte	0x100
 3a0:	189c                	.2byte	0x189c
 3a2:	0179                	.2byte	0x179
 3a4:	0000                	.2byte	0x0
 3a6:	5a01                	.2byte	0x5a01
 3a8:	6c19                	.2byte	0x6c19
 3aa:	0001                	.2byte	0x1
 3ac:	9000                	.2byte	0x9000
 3ae:	0001                	.2byte	0x1
 3b0:	1c10                	.2byte	0x1c10
 3b2:	0000                	.2byte	0x0
 3b4:	0100                	.2byte	0x100
 3b6:	0315                	.2byte	0x315
 3b8:	7908                	.2byte	0x7908
 3ba:	0001                	.2byte	0x1
 3bc:	0000                	.2byte	0x0
	...

Disassembly of section .debug_abbrev:

00000000 <.debug_abbrev>:
   0:	1101                	.2byte	0x1101
   2:	1000                	.2byte	0x1000
   4:	12011117          	auipc	sp,0x12011
   8:	1b0e030f          	.4byte	0x1b0e030f
   c:	250e                	.2byte	0x250e
   e:	130e                	.2byte	0x130e
  10:	0005                	.2byte	0x5
  12:	0000                	.2byte	0x0
  14:	2401                	.2byte	0x2401
  16:	0b00                	.2byte	0xb00
  18:	030b3e0b          	.4byte	0x30b3e0b
  1c:	000e                	.2byte	0xe
  1e:	0200                	.2byte	0x200
  20:	0016                	.2byte	0x16
  22:	213a0e03          	lb	t3,531(s4) # 9013ef <_fstack+0x900def>
  26:	390b3b03          	.4byte	0x390b3b03
  2a:	0013490b          	.4byte	0x13490b
  2e:	0300                	.2byte	0x300
  30:	0111                	.2byte	0x111
  32:	0e25                	.2byte	0xe25
  34:	1f030b13          	addi	s6,t1,496
  38:	01111f1b          	.4byte	0x1111f1b
  3c:	0612                	.2byte	0x612
  3e:	1710                	.2byte	0x1710
  40:	0000                	.2byte	0x0
  42:	2404                	.2byte	0x2404
  44:	0b00                	.2byte	0xb00
  46:	030b3e0b          	.4byte	0x30b3e0b
  4a:	0008                	.2byte	0x8
  4c:	0500                	.2byte	0x500
  4e:	0034                	.2byte	0x34
  50:	0b3a0e03          	lb	t3,179(s4)
  54:	0b390b3b          	.4byte	0xb390b3b
  58:	1349                	.2byte	0x1349
  5a:	1802193f 2e060000 	.8byte	0x2e0600001802193f
  62:	3f01                	.2byte	0x3f01
  64:	0319                	.2byte	0x319
  66:	3a08                	.2byte	0x3a08
  68:	390b3b0b          	.4byte	0x390b3b0b
  6c:	1119270b          	.4byte	0x1119270b
  70:	1201                	.2byte	0x1201
  72:	4006                	.2byte	0x4006
  74:	7a18                	.2byte	0x7a18
  76:	0119                	.2byte	0x119
  78:	07000013          	li	zero,112
  7c:	011d                	.2byte	0x11d
  7e:	1331                	.2byte	0x1331
  80:	0111                	.2byte	0x111
  82:	0612                	.2byte	0x612
  84:	0b58                	.2byte	0xb58
  86:	0b59                	.2byte	0xb59
  88:	00000b57          	.4byte	0xb57
  8c:	0508                	.2byte	0x508
  8e:	3100                	.2byte	0x3100
  90:	00170213          	addi	tp,a4,1
  94:	0900                	.2byte	0x900
  96:	012e                	.2byte	0x12e
  98:	0b3a0e03          	lb	t3,179(s4)
  9c:	0b390b3b          	.4byte	0xb390b3b
  a0:	0b201927          	.4byte	0xb201927
  a4:	0000                	.2byte	0x0
  a6:	050a                	.2byte	0x50a
  a8:	0300                	.2byte	0x300
  aa:	3a0e                	.2byte	0x3a0e
  ac:	390b3b0b          	.4byte	0x390b3b0b
  b0:	0013490b          	.4byte	0x13490b
  b4:	0000                	.2byte	0x0
  b6:	2401                	.2byte	0x2401
  b8:	0b00                	.2byte	0xb00
  ba:	030b3e0b          	.4byte	0x30b3e0b
  be:	000e                	.2byte	0xe
  c0:	0200                	.2byte	0x200
  c2:	0101                	.2byte	0x101
  c4:	1349                	.2byte	0x1349
  c6:	1301                	.2byte	0x1301
  c8:	0000                	.2byte	0x0
  ca:	49002103          	lw	sp,1168(zero) # 490 <_ebss+0x358>
  ce:	000b2f13          	slti	t5,s6,0
  d2:	0400                	.2byte	0x400
  d4:	0034                	.2byte	0x34
  d6:	213a0e03          	lb	t3,531(s4)
  da:	3b02                	.2byte	0x3b02
  dc:	0521390b          	.4byte	0x521390b
  e0:	1349                	.2byte	0x1349
  e2:	1802193f 16050000 	.8byte	0x160500001802193f
  ea:	0300                	.2byte	0x300
  ec:	3a0e                	.2byte	0x3a0e
  ee:	0321                	.2byte	0x321
  f0:	0b390b3b          	.4byte	0xb390b3b
  f4:	1349                	.2byte	0x1349
  f6:	0000                	.2byte	0x0
  f8:	3406                	.2byte	0x3406
  fa:	0300                	.2byte	0x300
  fc:	3a08                	.2byte	0x3a08
  fe:	0121                	.2byte	0x121
 100:	0b390b3b          	.4byte	0xb390b3b
 104:	1349                	.2byte	0x1349
 106:	1702                	.2byte	0x1702
 108:	0000                	.2byte	0x0
 10a:	25011107          	.4byte	0x25011107
 10e:	130e                	.2byte	0x130e
 110:	1b1f030b          	.4byte	0x1b1f030b
 114:	551f 1117 1001      	.byte	0x1f, 0x55, 0x17, 0x11, 0x01, 0x10
 11a:	08000017          	auipc	zero,0x8000
 11e:	0024                	.2byte	0x24
 120:	0b3e0b0b          	.4byte	0xb3e0b0b
 124:	00000803          	lb	a6,0(zero) # 0 <taps>
 128:	2e09                	.2byte	0x2e09
 12a:	3f01                	.2byte	0x3f01
 12c:	0319                	.2byte	0x319
 12e:	3a0e                	.2byte	0x3a0e
 130:	390b3b0b          	.4byte	0x390b3b0b
 134:	1201110b          	.4byte	0x1201110b
 138:	4006                	.2byte	0x4006
 13a:	7a18                	.2byte	0x7a18
 13c:	0119                	.2byte	0x119
 13e:	0a000013          	li	zero,160
 142:	012e                	.2byte	0x12e
 144:	0e03193f 0b3b0b3a 	.8byte	0xb3b0b3a0e03193f
 14c:	0b39                	.2byte	0xb39
 14e:	0111                	.2byte	0x111
 150:	0612                	.2byte	0x612
 152:	1840                	.2byte	0x1840
 154:	197a                	.2byte	0x197a
 156:	0000                	.2byte	0x0
 158:	55010b0b          	.4byte	0x55010b0b
 15c:	00000017          	auipc	zero,0x0
 160:	2401                	.2byte	0x2401
 162:	0b00                	.2byte	0xb00
 164:	030b3e0b          	.4byte	0x30b3e0b
 168:	000e                	.2byte	0xe
 16a:	0200                	.2byte	0x200
 16c:	0048                	.2byte	0x48
 16e:	017d                	.2byte	0x17d
 170:	137f                	.2byte	0x137f
 172:	0000                	.2byte	0x0
 174:	3f012e03          	lw	t3,1008(sp) # 120113f4 <_esram_rom+0x20111cc>
 178:	0319                	.2byte	0x319
 17a:	3a0e                	.2byte	0x3a0e
 17c:	0221                	.2byte	0x221
 17e:	21390b3b          	.4byte	0x21390b3b
 182:	490d                	.2byte	0x490d
 184:	01193c13          	sltiu	s8,s2,17
 188:	04000013          	li	zero,64
 18c:	0018                	.2byte	0x18
 18e:	0000                	.2byte	0x0
 190:	0f05                	.2byte	0xf05
 192:	0b00                	.2byte	0xb00
 194:	0421                	.2byte	0x421
 196:	1349                	.2byte	0x1349
 198:	0000                	.2byte	0x0
 19a:	3406                	.2byte	0x3406
 19c:	0300                	.2byte	0x300
 19e:	3a08                	.2byte	0x3a08
 1a0:	0221                	.2byte	0x221
 1a2:	0b390b3b          	.4byte	0xb390b3b
 1a6:	1349                	.2byte	0x1349
 1a8:	0000                	.2byte	0x0
 1aa:	31011d07          	.4byte	0x31011d07
 1ae:	55015213          	.4byte	0x55015213
 1b2:	01215817          	auipc	a6,0x1215
 1b6:	0b59                	.2byte	0xb59
 1b8:	00032157          	.4byte	0x32157
 1bc:	0800                	.2byte	0x800
 1be:	0005                	.2byte	0x5
 1c0:	1331                	.2byte	0x1331
 1c2:	0000                	.2byte	0x0
 1c4:	1109                	.2byte	0x1109
 1c6:	2501                	.2byte	0x2501
 1c8:	130e                	.2byte	0x130e
 1ca:	1b1f030b          	.4byte	0x1b1f030b
 1ce:	551f 1117 1001      	.byte	0x1f, 0x55, 0x17, 0x11, 0x01, 0x10
 1d4:	0a000017          	auipc	zero,0xa000
 1d8:	0016                	.2byte	0x16
 1da:	0b3a0e03          	lb	t3,179(s4)
 1de:	0b390b3b          	.4byte	0xb390b3b
 1e2:	1349                	.2byte	0x1349
 1e4:	0000                	.2byte	0x0
 1e6:	0b00240b          	.4byte	0xb00240b
 1ea:	030b3e0b          	.4byte	0x30b3e0b
 1ee:	0008                	.2byte	0x8
 1f0:	0c00                	.2byte	0xc00
 1f2:	012e                	.2byte	0x12e
 1f4:	0e03193f 0b3b0b3a 	.8byte	0xb3b0b3a0e03193f
 1fc:	0b39                	.2byte	0xb39
 1fe:	0111                	.2byte	0x111
 200:	0612                	.2byte	0x612
 202:	1840                	.2byte	0x1840
 204:	197a                	.2byte	0x197a
 206:	1301                	.2byte	0x1301
 208:	0000                	.2byte	0x0
 20a:	0b0d                	.2byte	0xb0d
 20c:	5501                	.2byte	0x5501
 20e:	00130117          	auipc	sp,0x130
 212:	0e00                	.2byte	0xe00
 214:	0034                	.2byte	0x34
 216:	0b3a0803          	lb	a6,179(s4)
 21a:	0b390b3b          	.4byte	0xb390b3b
 21e:	1349                	.2byte	0x1349
 220:	1702                	.2byte	0x1702
 222:	0000                	.2byte	0x0
 224:	55010b0f          	.4byte	0x55010b0f
 228:	10000017          	auipc	zero,0x10000
 22c:	0048                	.2byte	0x48
 22e:	017d                	.2byte	0x17d
 230:	0182                	.2byte	0x182
 232:	7f19                	.2byte	0x7f19
 234:	11000013          	li	zero,272
 238:	012e                	.2byte	0x12e
 23a:	0e03193f 0b3b0b3a 	.8byte	0xb3b0b3a0e03193f
 242:	0b39                	.2byte	0xb39
 244:	01111927          	.4byte	0x1111927
 248:	0612                	.2byte	0x612
 24a:	1840                	.2byte	0x1840
 24c:	197a                	.2byte	0x197a
 24e:	1301                	.2byte	0x1301
 250:	0000                	.2byte	0x0
 252:	0512                	.2byte	0x512
 254:	0300                	.2byte	0x300
 256:	3a08                	.2byte	0x3a08
 258:	390b3b0b          	.4byte	0x390b3b0b
 25c:	0213490b          	.4byte	0x213490b
 260:	13000017          	auipc	zero,0x13000
 264:	0005                	.2byte	0x5
 266:	1331                	.2byte	0x1331
 268:	1702                	.2byte	0x1702
 26a:	0000                	.2byte	0x0
 26c:	2614                	.2byte	0x2614
 26e:	4900                	.2byte	0x4900
 270:	15000013          	li	zero,336
 274:	012e                	.2byte	0x12e
 276:	0e03193f 0b3b0b3a 	.8byte	0xb3b0b3a0e03193f
 27e:	0b39                	.2byte	0xb39
 280:	0b201927          	.4byte	0xb201927
 284:	1301                	.2byte	0x1301
 286:	0000                	.2byte	0x0
 288:	0516                	.2byte	0x516
 28a:	0300                	.2byte	0x300
 28c:	3a08                	.2byte	0x3a08
 28e:	390b3b0b          	.4byte	0x390b3b0b
 292:	0013490b          	.4byte	0x13490b
 296:	1700                	.2byte	0x1700
 298:	012e                	.2byte	0x12e
 29a:	1331                	.2byte	0x1331
 29c:	0111                	.2byte	0x111
 29e:	0612                	.2byte	0x612
 2a0:	1840                	.2byte	0x1840
 2a2:	197a                	.2byte	0x197a
 2a4:	0000                	.2byte	0x0
 2a6:	0518                	.2byte	0x518
 2a8:	3100                	.2byte	0x3100
 2aa:	00180213          	addi	tp,a6,1 # 12151b3 <_fstack+0x1214bb3>
 2ae:	1900                	.2byte	0x1900
 2b0:	011d                	.2byte	0x11d
 2b2:	1331                	.2byte	0x1331
 2b4:	0111                	.2byte	0x111
 2b6:	0612                	.2byte	0x612
 2b8:	0b58                	.2byte	0xb58
 2ba:	0b59                	.2byte	0xb59
 2bc:	00000b57          	.4byte	0xb57
	...

Disassembly of section .debug_aranges:

00000000 <.debug_aranges>:
   0:	001c                	.2byte	0x1c
   2:	0000                	.2byte	0x0
   4:	0002                	.2byte	0x2
   6:	0000                	.2byte	0x0
   8:	0000                	.2byte	0x0
   a:	0004                	.2byte	0x4
   c:	0000                	.2byte	0x0
   e:	0000                	.2byte	0x0
  10:	0000                	.2byte	0x0
  12:	1000                	.2byte	0x1000
  14:	0148                	.2byte	0x148
	...
  1e:	0000                	.2byte	0x0
  20:	001c                	.2byte	0x1c
  22:	0000                	.2byte	0x0
  24:	0002                	.2byte	0x2
  26:	0025                	.2byte	0x25
  28:	0000                	.2byte	0x0
  2a:	0004                	.2byte	0x4
  2c:	0000                	.2byte	0x0
  2e:	0000                	.2byte	0x0
  30:	0148                	.2byte	0x148
  32:	1000                	.2byte	0x1000
  34:	0028                	.2byte	0x28
	...
  3e:	0000                	.2byte	0x0
  40:	0024                	.2byte	0x24
  42:	0000                	.2byte	0x0
  44:	0002                	.2byte	0x2
  46:	0101                	.2byte	0x101
  48:	0000                	.2byte	0x0
  4a:	0004                	.2byte	0x4
  4c:	0000                	.2byte	0x0
  4e:	0000                	.2byte	0x0
  50:	0000                	.2byte	0x0
  52:	3800                	.2byte	0x3800
  54:	0038                	.2byte	0x38
  56:	0000                	.2byte	0x0
  58:	0038                	.2byte	0x38
  5a:	3800                	.2byte	0x3800
  5c:	0064                	.2byte	0x64
	...
  66:	0000                	.2byte	0x0
  68:	0024                	.2byte	0x24
  6a:	0000                	.2byte	0x0
  6c:	0002                	.2byte	0x2
  6e:	020e                	.2byte	0x20e
  70:	0000                	.2byte	0x0
  72:	0004                	.2byte	0x4
  74:	0000                	.2byte	0x0
  76:	0000                	.2byte	0x0
  78:	0170                	.2byte	0x170
  7a:	1000                	.2byte	0x1000
  7c:	0084                	.2byte	0x84
  7e:	0000                	.2byte	0x0
  80:	009c                	.2byte	0x9c
  82:	3800                	.2byte	0x3800
  84:	0084                	.2byte	0x84
	...

Disassembly of section .debug_str:

00000000 <.debug_str>:
   0:	2e2e                	.2byte	0x2e2e
   2:	2f2e2e2f          	.4byte	0x2f2e2e2f
   6:	6966                	.2byte	0x6966
   8:	6d72                	.2byte	0x6d72
   a:	65726177          	.4byte	0x65726177
   e:	7472632f          	.4byte	0x7472632f
  12:	5f30                	.2byte	0x5f30
  14:	6576                	.2byte	0x6576
  16:	2e78                	.2byte	0x2e78
  18:	682f0053          	.4byte	0x682f0053
  1c:	2f656d6f          	jal	s10,56312 <_fstack+0x55d12>
  20:	6275                	.2byte	0x6275
  22:	6e75                	.2byte	0x6e75
  24:	7574                	.2byte	0x7574
  26:	7261632f          	.4byte	0x7261632f
  2a:	7661                	.2byte	0x7661
  2c:	6c65                	.2byte	0x6c65
  2e:	732d                	.2byte	0x732d
  30:	665f636f          	jal	t1,f6e94 <_fstack+0xf6894>
  34:	6770                	.2byte	0x6770
  36:	2d61                	.2byte	0x2d61
  38:	616c                	.2byte	0x616c
  3a:	2f62                	.2byte	0x2f62
  3c:	616c                	.2byte	0x616c
  3e:	2d62                	.2byte	0x2d62
  40:	61726163          	bltu	tp,s7,642 <_fstack+0x42>
  44:	6576                	.2byte	0x6576
  46:	5f6c                	.2byte	0x5f6c
  48:	6966                	.2byte	0x6966
  4a:	2f72                	.2byte	0x2f72
  4c:	6574                	.2byte	0x6574
  4e:	65627473          	csrrci	s0,0x656,4
  52:	636e                	.2byte	0x636e
  54:	2f68                	.2byte	0x2f68
  56:	6e756f63          	bltu	a0,t2,754 <_fstack+0x154>
  5a:	6574                	.2byte	0x6574
  5c:	5f72                	.2byte	0x5f72
  5e:	616c                	.2byte	0x616c
  60:	665f 7269 4700      	.byte	0x5f, 0x66, 0x69, 0x72, 0x00, 0x47
  66:	554e                	.2byte	0x554e
  68:	4120                	.2byte	0x4120
  6a:	2e322053          	.4byte	0x2e322053
  6e:	47003933          	.4byte	0x47003933
  72:	554e                	.2byte	0x554e
  74:	4320                	.2byte	0x4320
  76:	3731                	.2byte	0x3731
  78:	3120                	.2byte	0x3120
  7a:	2e32                	.2byte	0x2e32
  7c:	2e31                	.2byte	0x2e31
  7e:	2030                	.2byte	0x2030
  80:	6d2d                	.2byte	0x6d2d
  82:	6261                	.2byte	0x6261
  84:	3d69                	.2byte	0x3d69
  86:	6c69                	.2byte	0x6c69
  88:	3370                	.2byte	0x3370
  8a:	2032                	.2byte	0x2032
  8c:	6d2d                	.2byte	0x6d2d
  8e:	7574                	.2byte	0x7574
  90:	656e                	.2byte	0x656e
  92:	723d                	.2byte	0x723d
  94:	656b636f          	jal	t1,b66ea <_fstack+0xb60ea>
  98:	2074                	.2byte	0x2074
  9a:	6d2d                	.2byte	0x6d2d
  9c:	7369                	.2byte	0x7369
  9e:	2d61                	.2byte	0x2d61
  a0:	63657073          	csrci	0x636,10
  a4:	323d                	.2byte	0x323d
  a6:	322e                	.2byte	0x322e
  a8:	2d20                	.2byte	0x2d20
  aa:	616d                	.2byte	0x616d
  ac:	6372                	.2byte	0x6372
  ae:	3d68                	.2byte	0x3d68
  b0:	7672                	.2byte	0x7672
  b2:	20693233          	.4byte	0x20693233
  b6:	672d                	.2byte	0x672d
  b8:	2d20                	.2byte	0x2d20
  ba:	2d20324f          	.4byte	0x2d20324f
  be:	6666                	.2byte	0x6666
  c0:	6572                	.2byte	0x6572
  c2:	7365                	.2byte	0x7365
  c4:	6174                	.2byte	0x6174
  c6:	646e                	.2byte	0x646e
  c8:	6e69                	.2byte	0x6e69
  ca:	6e750067          	jr	1767(a0)
  ce:	6e676973          	csrrsi	s2,0x6e6,14
  d2:	6465                	.2byte	0x6465
  d4:	6320                	.2byte	0x6320
  d6:	6168                	.2byte	0x6168
  d8:	0072                	.2byte	0x72
  da:	726f6873          	csrrsi	a6,mhpmevent6h,30
  de:	2074                	.2byte	0x2074
  e0:	6e75                	.2byte	0x6e75
  e2:	6e676973          	csrrsi	s2,0x6e6,14
  e6:	6465                	.2byte	0x6465
  e8:	6920                	.2byte	0x6920
  ea:	746e                	.2byte	0x746e
  ec:	6900                	.2byte	0x6900
  ee:	7172                	.2byte	0x7172
  f0:	735f 7465 616d      	.byte	0x5f, 0x73, 0x65, 0x74, 0x6d, 0x61
  f6:	66006b73          	csrrsi	s6,0x660,0
  fa:	616c                	.2byte	0x616c
  fc:	6f6c0067          	jr	1782(s8) # 16a88 <_fstack+0x16488>
 100:	676e                	.2byte	0x676e
 102:	6c20                	.2byte	0x6c20
 104:	20676e6f          	jal	t3,7630a <_fstack+0x75d0a>
 108:	6e75                	.2byte	0x6e75
 10a:	6e676973          	csrrsi	s2,0x6e6,14
 10e:	6465                	.2byte	0x6465
 110:	6920                	.2byte	0x6920
 112:	746e                	.2byte	0x746e
 114:	6c00                	.2byte	0x6c00
 116:	20676e6f          	jal	t3,7631c <_fstack+0x75d1c>
 11a:	6f6c                	.2byte	0x6f6c
 11c:	676e                	.2byte	0x676e
 11e:	6920                	.2byte	0x6920
 120:	746e                	.2byte	0x746e
 122:	7300                	.2byte	0x7300
 124:	6f68                	.2byte	0x6f68
 126:	7472                	.2byte	0x7472
 128:	6920                	.2byte	0x6920
 12a:	746e                	.2byte	0x746e
 12c:	7500                	.2byte	0x7500
 12e:	6e69                	.2byte	0x6e69
 130:	3174                	.2byte	0x3174
 132:	5f36                	.2byte	0x5f36
 134:	0074                	.2byte	0x74
 136:	6975                	.2byte	0x6975
 138:	746e                	.2byte	0x746e
 13a:	745f3233          	.4byte	0x745f3233
 13e:	7400                	.2byte	0x7400
 140:	7061                	.2byte	0x7061
 142:	756f0073          	.4byte	0x756f0073
 146:	7074                	.2byte	0x7074
 148:	7475                	.2byte	0x7475
 14a:	6e676973          	csrrsi	s2,0x6e6,14
 14e:	6c61                	.2byte	0x6c61
 150:	7500                	.2byte	0x7500
 152:	6e69                	.2byte	0x6e69
 154:	3874                	.2byte	0x3874
 156:	745f 6900 696e      	.byte	0x5f, 0x74, 0x00, 0x69, 0x6e, 0x69
 15c:	6674                	.2byte	0x6674
 15e:	7269                	.2byte	0x7269
 160:	6600                	.2byte	0x6600
 162:	7269                	.2byte	0x7269
 164:	655f 6378 7475      	.byte	0x5f, 0x65, 0x78, 0x63, 0x75, 0x74
 16a:	0065                	.2byte	0x65
 16c:	7570                	.2byte	0x7570
 16e:	6374                	.2byte	0x6374
 170:	6168                	.2byte	0x6168
 172:	0072                	.2byte	0x72
 174:	616d                	.2byte	0x616d
 176:	6e69                	.2byte	0x6e69
 178:	7000                	.2byte	0x7000
 17a:	6972                	.2byte	0x6972
 17c:	746e                	.2byte	0x746e
	...

Disassembly of section .debug_loclists:

00000000 <.debug_loclists>:
   0:	0015                	.2byte	0x15
   2:	0000                	.2byte	0x0
   4:	0005                	.2byte	0x5
   6:	0004                	.2byte	0x4
   8:	0000                	.2byte	0x0
   a:	0000                	.2byte	0x0
   c:	00014807          	.4byte	0x14807
  10:	5010                	.2byte	0x5010
  12:	0001                	.2byte	0x1
  14:	0210                	.2byte	0x210
  16:	9f30                	.2byte	0x9f30
  18:	2d00                	.2byte	0x2d00
  1a:	0000                	.2byte	0x0
  1c:	0500                	.2byte	0x500
  1e:	0400                	.2byte	0x400
  20:	0000                	.2byte	0x0
  22:	0000                	.2byte	0x0
  24:	0700                	.2byte	0x700
  26:	0050                	.2byte	0x50
  28:	3800                	.2byte	0x3800
  2a:	0064                	.2byte	0x64
  2c:	3800                	.2byte	0x3800
  2e:	3002                	.2byte	0x3002
  30:	079f 0064 3800      	.byte	0x9f, 0x07, 0x64, 0x00, 0x00, 0x38
  36:	0070                	.2byte	0x70
  38:	3800                	.2byte	0x3800
  3a:	5f01                	.2byte	0x5f01
  3c:	0700                	.2byte	0x700
  3e:	0018                	.2byte	0x18
  40:	3800                	.2byte	0x3800
  42:	0020                	.2byte	0x20
  44:	3800                	.2byte	0x3800
  46:	3002                	.2byte	0x3002
  48:	009f 005b 0000      	.byte	0x9f, 0x00, 0x5b, 0x00, 0x00, 0x00
  4e:	0005                	.2byte	0x5
  50:	0004                	.2byte	0x4
  52:	0000                	.2byte	0x0
  54:	0000                	.2byte	0x0
  56:	00010c07          	.4byte	0x10c07
  5a:	1038                	.2byte	0x1038
  5c:	0001                	.2byte	0x1
  5e:	0238                	.2byte	0x238
  60:	9f30                	.2byte	0x9f30
  62:	00011007          	.4byte	0x11007
  66:	1438                	.2byte	0x1438
  68:	0001                	.2byte	0x1
  6a:	0238                	.2byte	0x238
  6c:	9f31                	.2byte	0x9f31
  6e:	00011407          	.4byte	0x11407
  72:	2038                	.2byte	0x2038
  74:	0001                	.2byte	0x1
  76:	0238                	.2byte	0x238
  78:	9f32                	.2byte	0x9f32
  7a:	0700                	.2byte	0x700
  7c:	01ac                	.2byte	0x1ac
  7e:	1000                	.2byte	0x1000
  80:	01c8                	.2byte	0x1c8
  82:	1000                	.2byte	0x1000
  84:	5a01                	.2byte	0x5a01
  86:	0001c807          	.4byte	0x1c807
  8a:	f410                	.2byte	0xf410
  8c:	0001                	.2byte	0x1
  8e:	0110                	.2byte	0x110
  90:	005a                	.2byte	0x5a
  92:	0001c807          	.4byte	0x1c807
  96:	d810                	.2byte	0xd810
  98:	0001                	.2byte	0x1
  9a:	0110                	.2byte	0x110
  9c:	075c                	.2byte	0x75c
  9e:	01e4                	.2byte	0x1e4
  a0:	1000                	.2byte	0x1000
  a2:	01f4                	.2byte	0x1f4
  a4:	1000                	.2byte	0x1000
  a6:	5c01                	.2byte	0x5c01
	...

Disassembly of section .debug_frame:

00000000 <.debug_frame>:
   0:	000c                	.2byte	0xc
   2:	0000                	.2byte	0x0
   4:	ffff                	.2byte	0xffff
   6:	ffff                	.2byte	0xffff
   8:	7c010003          	lb	zero,1984(sp) # 1309ce <_fstack+0x1303ce>
   c:	0d01                	.2byte	0xd01
   e:	0002                	.2byte	0x2
  10:	000c                	.2byte	0xc
  12:	0000                	.2byte	0x0
  14:	0000                	.2byte	0x0
  16:	0000                	.2byte	0x0
  18:	0148                	.2byte	0x148
  1a:	1000                	.2byte	0x1000
  1c:	0028                	.2byte	0x28
  1e:	0000                	.2byte	0x0
  20:	000c                	.2byte	0xc
  22:	0000                	.2byte	0x0
  24:	ffff                	.2byte	0xffff
  26:	ffff                	.2byte	0xffff
  28:	7c010003          	lb	zero,1984(sp)
  2c:	0d01                	.2byte	0xd01
  2e:	0002                	.2byte	0x2
  30:	000c                	.2byte	0xc
  32:	0000                	.2byte	0x0
  34:	0020                	.2byte	0x20
  36:	0000                	.2byte	0x0
  38:	0000                	.2byte	0x0
  3a:	3800                	.2byte	0x3800
  3c:	0038                	.2byte	0x38
  3e:	0000                	.2byte	0x0
  40:	000c                	.2byte	0xc
  42:	0000                	.2byte	0x0
  44:	0020                	.2byte	0x20
  46:	0000                	.2byte	0x0
  48:	0038                	.2byte	0x38
  4a:	3800                	.2byte	0x3800
  4c:	0064                	.2byte	0x64
  4e:	0000                	.2byte	0x0
  50:	000c                	.2byte	0xc
  52:	0000                	.2byte	0x0
  54:	ffff                	.2byte	0xffff
  56:	ffff                	.2byte	0xffff
  58:	7c010003          	lb	zero,1984(sp)
  5c:	0d01                	.2byte	0xd01
  5e:	0002                	.2byte	0x2
  60:	000c                	.2byte	0xc
  62:	0000                	.2byte	0x0
  64:	0050                	.2byte	0x50
  66:	0000                	.2byte	0x0
  68:	0170                	.2byte	0x170
  6a:	1000                	.2byte	0x1000
  6c:	003c                	.2byte	0x3c
  6e:	0000                	.2byte	0x0
  70:	000c                	.2byte	0xc
  72:	0000                	.2byte	0x0
  74:	0050                	.2byte	0x50
  76:	0000                	.2byte	0x0
  78:	01ac                	.2byte	0x1ac
  7a:	1000                	.2byte	0x1000
  7c:	0048                	.2byte	0x48
  7e:	0000                	.2byte	0x0
  80:	0018                	.2byte	0x18
  82:	0000                	.2byte	0x0
  84:	0050                	.2byte	0x50
  86:	0000                	.2byte	0x0
  88:	009c                	.2byte	0x9c
  8a:	3800                	.2byte	0x3800
  8c:	0084                	.2byte	0x84
  8e:	0000                	.2byte	0x0
  90:	0e44                	.2byte	0xe44
  92:	4c10                	.2byte	0x4c10
  94:	0181                	.2byte	0x181
  96:	6c02                	.2byte	0x6c02
  98:	44c1                	.2byte	0x44c1
  9a:	000e                	.2byte	0xe

Disassembly of section .debug_rnglists:

00000000 <.debug_rnglists>:
   0:	002e                	.2byte	0x2e
   2:	0000                	.2byte	0x0
   4:	0005                	.2byte	0x5
   6:	0004                	.2byte	0x4
   8:	0000                	.2byte	0x0
   a:	0000                	.2byte	0x0
   c:	0806                	.2byte	0x806
   e:	0000                	.2byte	0x0
  10:	0c38                	.2byte	0xc38
  12:	0000                	.2byte	0x0
  14:	0638                	.2byte	0x638
  16:	0018                	.2byte	0x18
  18:	3800                	.2byte	0x3800
  1a:	0034                	.2byte	0x34
  1c:	3800                	.2byte	0x3800
  1e:	0600                	.2byte	0x600
  20:	0000                	.2byte	0x0
  22:	3800                	.2byte	0x3800
  24:	0038                	.2byte	0x38
  26:	3800                	.2byte	0x3800
  28:	3806                	.2byte	0x3806
  2a:	0000                	.2byte	0x0
  2c:	9c38                	.2byte	0x9c38
  2e:	0000                	.2byte	0x0
  30:	0038                	.2byte	0x38
  32:	0082                	.2byte	0x82
  34:	0000                	.2byte	0x0
  36:	0005                	.2byte	0x5
  38:	0004                	.2byte	0x4
  3a:	0000                	.2byte	0x0
  3c:	0000                	.2byte	0x0
  3e:	b406                	.2byte	0xb406
  40:	0001                	.2byte	0x1
  42:	c410                	.2byte	0xc410
  44:	0001                	.2byte	0x1
  46:	0610                	.2byte	0x610
  48:	01c8                	.2byte	0x1c8
  4a:	1000                	.2byte	0x1000
  4c:	01d8                	.2byte	0x1d8
  4e:	1000                	.2byte	0x1000
  50:	e406                	.2byte	0xe406
  52:	0001                	.2byte	0x1
  54:	f410                	.2byte	0xf410
  56:	0001                	.2byte	0x1
  58:	0010                	.2byte	0x10
  5a:	b806                	.2byte	0xb806
  5c:	0001                	.2byte	0x1
  5e:	c410                	.2byte	0xc410
  60:	0001                	.2byte	0x1
  62:	0610                	.2byte	0x610
  64:	01e4                	.2byte	0x1e4
  66:	1000                	.2byte	0x1000
  68:	01f4                	.2byte	0x1f4
  6a:	1000                	.2byte	0x1000
  6c:	0600                	.2byte	0x600
  6e:	010c                	.2byte	0x10c
  70:	3800                	.2byte	0x3800
  72:	0114                	.2byte	0x114
  74:	3800                	.2byte	0x3800
  76:	1c06                	.2byte	0x1c06
  78:	0001                	.2byte	0x1
  7a:	2038                	.2byte	0x2038
  7c:	0001                	.2byte	0x1
  7e:	0038                	.2byte	0x38
  80:	0c06                	.2byte	0xc06
  82:	0001                	.2byte	0x1
  84:	1038                	.2byte	0x1038
  86:	0001                	.2byte	0x1
  88:	0638                	.2byte	0x638
  8a:	0110                	.2byte	0x110
  8c:	3800                	.2byte	0x3800
  8e:	0114                	.2byte	0x114
  90:	3800                	.2byte	0x3800
  92:	1406                	.2byte	0x1406
  94:	0001                	.2byte	0x1
  96:	1438                	.2byte	0x1438
  98:	0001                	.2byte	0x1
  9a:	0638                	.2byte	0x638
  9c:	011c                	.2byte	0x11c
  9e:	3800                	.2byte	0x3800
  a0:	0120                	.2byte	0x120
  a2:	3800                	.2byte	0x3800
  a4:	0600                	.2byte	0x600
  a6:	0170                	.2byte	0x170
  a8:	1000                	.2byte	0x1000
  aa:	01f4                	.2byte	0x1f4
  ac:	1000                	.2byte	0x1000
  ae:	9c06                	.2byte	0x9c06
  b0:	0000                	.2byte	0x0
  b2:	2038                	.2byte	0x2038
  b4:	0001                	.2byte	0x1
  b6:	0038                	.2byte	0x38
